2025-05-15 15:19:24,949 - __main__ - INFO - 开始处理目录: D:\data\
2025-05-15 15:19:24,957 - __main__ - INFO - 找到DCP文件: FA53-5465-305A-250303@203_001.TXT
2025-05-15 15:19:24,958 - __main__ - INFO - 找到DCP文件: FA53-5465-305A-250303@203_002.TXT
2025-05-15 15:19:24,958 - __main__ - INFO - 找到DCP文件: FA53-5465-305A-250303@203_003.TXT
2025-05-15 15:19:24,959 - __main__ - INFO - 找到DCP文件: C127251.00-CPTSTE11-241023-002348@CP_001.TXT
2025-05-15 15:19:24,960 - __main__ - INFO - 找到DCP文件: C127251.00-CPTSTE11-241023-002743@CP_002.TXT
2025-05-15 15:19:24,960 - __main__ - INFO - 找到DCP文件: C127251.00-CPTSTE11-241023-003706@CP_003.TXT
2025-05-15 15:19:24,961 - __main__ - INFO - 找到DCP文件: C146419.00-CPTSTE07-250312-163410@CP_001.TXT
2025-05-15 15:19:24,962 - __main__ - INFO - 找到DCP文件: C146419.00-CPTSTE07-250312-163813@CP_002.TXT
2025-05-15 15:19:24,962 - __main__ - INFO - 找到DCP文件: C146419.00-CPTSTE07-250312-164215@CP_003.TXT
2025-05-15 15:19:24,963 - __main__ - INFO - 找到DCP文件: C146419.00-CPTSTE07-250312-164618@CP_004.TXT
2025-05-15 15:19:24,963 - __main__ - INFO - 找到DCP文件: C146419.00-CPTSTE07-250312-165021@CP_005.TXT
2025-05-15 15:19:24,964 - __main__ - INFO - 找到DCP文件: C146419.00-CPTSTE07-250312-165428@CP_006.TXT
2025-05-15 15:19:24,965 - __main__ - INFO - 找到DCP文件: C146419.00-CPTSTE07-250312-165834@CP_007.TXT
2025-05-15 15:19:24,966 - __main__ - INFO - 找到DCP文件: C146419.00-CPTSTE07-250312-170237@CP_008.TXT
2025-05-15 15:19:24,966 - __main__ - INFO - 找到DCP文件: C146419.00-CPTSTE07-250312-170641@CP_009.TXT
2025-05-15 15:19:24,967 - __main__ - INFO - 找到DCP文件: C146419.00-CPTSTE07-250312-171044@CP_010.TXT
2025-05-15 15:19:24,968 - __main__ - INFO - 找到DCP文件: C146419.00-CPTSTE07-250312-171445@CP_011.TXT
2025-05-15 15:19:24,968 - __main__ - INFO - 找到DCP文件: C146419.00-CPTSTE07-250312-171940@CP_012.TXT
2025-05-15 15:19:24,969 - __main__ - INFO - 找到DCP文件: C146419.00-CPTSTE07-250312-172341@CP_013.TXT
2025-05-15 15:19:24,969 - __main__ - INFO - 找到DCP文件: E001042.00-EPTSTE02-250321-073726@CP_001.TXT
2025-05-15 15:19:24,970 - __main__ - INFO - 找到DCP文件: E001042.00-EPTSTE02-250321-074253@CP_002.TXT
2025-05-15 15:19:24,971 - __main__ - INFO - 找到DCP文件: E001042.00-EPTSTE02-250321-074820@CP_003.TXT
2025-05-15 15:19:24,971 - __main__ - INFO - 找到 22 个DCP文件
2025-05-15 15:19:24,971 - cp_data_processor.readers.dcp_reader - DEBUG - 文件的前三行内容：
2025-05-15 15:19:24,971 - cp_data_processor.readers.dcp_reader - DEBUG - 行 1: Program name	ME58Y81_G0GC2AD.jtf																

2025-05-15 15:19:24,971 - cp_data_processor.readers.dcp_reader - DEBUG - 行 2: Lot number	FA53-5465-305A-250303@203																

2025-05-15 15:19:24,972 - cp_data_processor.readers.dcp_reader - DEBUG - 行 3: Wafer number	1																

2025-05-15 15:19:24,972 - cp_data_processor.readers.dcp_reader - DEBUG - 使用分隔符 '	' 从R2C2提取到LotID: FA53-5465-305A-250303@203
2025-05-15 15:19:24,972 - cp_data_processor.readers.dcp_reader - DEBUG - 使用分隔符 '	' 从R3C2提取到WaferID: 1
2025-05-15 15:19:24,973 - cp_data_processor.readers.dcp_reader - INFO - 开始处理文件: FA53-5465-305A-250303@203_001.TXT
2025-05-15 15:19:24,973 - cp_data_processor.readers.dcp_reader - INFO - 成功使用 utf-8 解码
2025-05-15 15:19:24,973 - cp_data_processor.readers.dcp_reader - DEBUG - 表头行: No.U	X	Y	Bin	CONT	IGSS0	IGSS1	IGSSR1	BVDSS1	BVDSS2	DELTABV	IDSS1	VTH	RDSON1	VFSDS	IGSS2	IGSSR2	IDSS2...
2025-05-15 15:19:24,974 - cp_data_processor.readers.dcp_reader - DEBUG - 数据行 1: 1	41	5	1	0.00E+00	0.00E+00	5.51E-07	6.35E-07	7.17E+02	7.32E+02	1.46E+01	1.20E-08	3.43E+00	3.11E-01	7...
2025-05-15 15:19:24,974 - cp_data_processor.readers.dcp_reader - DEBUG - 数据行 2: 2	47	5	9	0.00E+00	0.00E+00	6.13E-07	6.05E-07	6.68E+02	7.08E+02	3.94E+01	999.9						...
2025-05-15 15:19:24,974 - cp_data_processor.readers.dcp_reader - DEBUG - 数据行 3: 3	53	5	3	0.00E+00	99.99												...
2025-05-15 15:19:24,980 - cp_data_processor.readers.dcp_reader - INFO - 成功读取数据，形状: (169, 18)
2025-05-15 15:19:24,980 - cp_data_processor.readers.dcp_reader - INFO - 从文件提取了 15 个参数信息
2025-05-15 15:19:24,981 - cp_data_processor.readers.dcp_reader - INFO - 成功添加晶圆 1，包含 169 个芯片数据
2025-05-15 15:19:24,982 - cp_data_processor.readers.dcp_reader - DEBUG - 文件的前三行内容：
2025-05-15 15:19:24,982 - cp_data_processor.readers.dcp_reader - DEBUG - 行 1: Program name	ME58Y81_G0GC2AD.jtf

2025-05-15 15:19:24,983 - cp_data_processor.readers.dcp_reader - DEBUG - 行 2: Lot number	FA53-5465-305A-250303@203

2025-05-15 15:19:24,983 - cp_data_processor.readers.dcp_reader - DEBUG - 行 3: Wafer number	2

2025-05-15 15:19:24,983 - cp_data_processor.readers.dcp_reader - DEBUG - 使用分隔符 '	' 从R2C2提取到LotID: FA53-5465-305A-250303@203
2025-05-15 15:19:24,984 - cp_data_processor.readers.dcp_reader - DEBUG - 使用分隔符 '	' 从R3C2提取到WaferID: 2
2025-05-15 15:19:24,984 - cp_data_processor.readers.dcp_reader - INFO - 开始处理文件: FA53-5465-305A-250303@203_002.TXT
2025-05-15 15:19:24,984 - cp_data_processor.readers.dcp_reader - INFO - 成功使用 utf-8 解码
2025-05-15 15:19:24,985 - cp_data_processor.readers.dcp_reader - DEBUG - 表头行: No.U	X	Y	Bin	CONT	IGSS0	IGSS1	IGSSR1	BVDSS1	BVDSS2	DELTABV	IDSS1	VTH	RDSON1	VFSDS	IGSS2	IGSSR2	IDSS2...
2025-05-15 15:19:24,985 - cp_data_processor.readers.dcp_reader - DEBUG - 数据行 1: 1	41	5	1	0.000E+00	0.000E+00	5.360E-07	4.760E-07	7.246E+02	7.322E+02	7.600E+00	1.140E-08	3.437E+00	3...
2025-05-15 15:19:24,985 - cp_data_processor.readers.dcp_reader - DEBUG - 数据行 2: 2	47	5	1	0.000E+00	0.000E+00	4.790E-07	4.760E-07	7.104E+02	7.244E+02	1.400E+01	1.010E-08	3.384E+00	3...
2025-05-15 15:19:24,986 - cp_data_processor.readers.dcp_reader - DEBUG - 数据行 3: 3	53	5	1	0.000E+00	0.000E+00	3.970E-07	4.360E-07	7.270E+02	7.339E+02	6.900E+00	1.040E-08	3.274E+00	3...
2025-05-15 15:19:24,988 - cp_data_processor.readers.dcp_reader - INFO - 成功读取数据，形状: (169, 18)
2025-05-15 15:19:24,989 - cp_data_processor.readers.dcp_reader - INFO - 成功添加晶圆 2，包含 169 个芯片数据
2025-05-15 15:19:24,990 - cp_data_processor.readers.dcp_reader - DEBUG - 文件的前三行内容：
2025-05-15 15:19:24,990 - cp_data_processor.readers.dcp_reader - DEBUG - 行 1: Program name	ME58Y81_G0GC2AD.jtf

2025-05-15 15:19:24,990 - cp_data_processor.readers.dcp_reader - DEBUG - 行 2: Lot number	FA53-5465-305A-250303@203

2025-05-15 15:19:24,990 - cp_data_processor.readers.dcp_reader - DEBUG - 行 3: Wafer number	3

2025-05-15 15:19:24,991 - cp_data_processor.readers.dcp_reader - DEBUG - 使用分隔符 '	' 从R2C2提取到LotID: FA53-5465-305A-250303@203
2025-05-15 15:19:24,991 - cp_data_processor.readers.dcp_reader - DEBUG - 使用分隔符 '	' 从R3C2提取到WaferID: 3
2025-05-15 15:19:24,991 - cp_data_processor.readers.dcp_reader - INFO - 开始处理文件: FA53-5465-305A-250303@203_003.TXT
2025-05-15 15:19:24,991 - cp_data_processor.readers.dcp_reader - INFO - 成功使用 utf-8 解码
2025-05-15 15:19:24,991 - cp_data_processor.readers.dcp_reader - DEBUG - 表头行: No.U	X	Y	Bin	CONT	IGSS0	IGSS1	IGSSR1	BVDSS1	BVDSS2	DELTABV	IDSS1	VTH	RDSON1	VFSDS	IGSS2	IGSSR2	IDSS2...
2025-05-15 15:19:24,991 - cp_data_processor.readers.dcp_reader - DEBUG - 数据行 1: 1	41	5	1	0.000E+00	0.000E+00	6.030E-07	5.570E-07	7.481E+02	7.554E+02	7.300E+00	1.110E-08	3.406E+00	3...
2025-05-15 15:19:24,992 - cp_data_processor.readers.dcp_reader - DEBUG - 数据行 2: 2	47	5	1	0.000E+00	0.000E+00	5.270E-07	5.680E-07	7.374E+02	7.495E+02	1.210E+01	1.030E-08	3.381E+00	3...
2025-05-15 15:19:24,992 - cp_data_processor.readers.dcp_reader - DEBUG - 数据行 3: 3	53	5	1	0.000E+00	0.000E+00	5.350E-07	6.490E-07	7.352E+02	7.441E+02	8.900E+00	1.040E-08	3.272E+00	3...
2025-05-15 15:19:24,993 - cp_data_processor.readers.dcp_reader - INFO - 成功读取数据，形状: (169, 18)
2025-05-15 15:19:24,994 - cp_data_processor.readers.dcp_reader - INFO - 成功添加晶圆 3，包含 169 个芯片数据
2025-05-15 15:19:24,996 - cp_data_processor.readers.dcp_reader - DEBUG - 文件的前三行内容：
2025-05-15 15:19:24,996 - cp_data_processor.readers.dcp_reader - DEBUG - 行 1: Program name	H0206AD_E4_CP1.dll

2025-05-15 15:19:24,996 - cp_data_processor.readers.dcp_reader - DEBUG - 行 2: Lot number	C127251.00-CPTSTE11-241023-002348@CP

2025-05-15 15:19:24,996 - cp_data_processor.readers.dcp_reader - DEBUG - 行 3: Wafer number	01

2025-05-15 15:19:24,996 - cp_data_processor.readers.dcp_reader - DEBUG - 使用分隔符 '	' 从R2C2提取到LotID: C127251.00-CPTSTE11-241023-002348@CP
2025-05-15 15:19:24,996 - cp_data_processor.readers.dcp_reader - DEBUG - 使用分隔符 '	' 从R3C2提取到WaferID: 01
2025-05-15 15:19:24,996 - cp_data_processor.readers.dcp_reader - INFO - 开始处理文件: C127251.00-CPTSTE11-241023-002348@CP_001.TXT
2025-05-15 15:19:24,997 - cp_data_processor.readers.dcp_reader - INFO - 成功使用 utf-8 解码
2025-05-15 15:19:24,997 - cp_data_processor.readers.dcp_reader - DEBUG - 表头行: No.U	X	Y	Bin	CONT@D	CONT@G	CONT@S	IGSS1	IGSSR1	IDSS1	VTH1	BVDSS1	BVDSS2	BV2-BV1	RDSON1	VFSDS	IGSS2	I...
2025-05-15 15:19:24,998 - cp_data_processor.readers.dcp_reader - DEBUG - 数据行 1: 9	23	6	1	1.24000E-002	1.40000E-003	8.00000E-004	1.69000E-008	5.00000E-010	3.44400E-007	3.46740E+000	...
2025-05-15 15:19:24,998 - cp_data_processor.readers.dcp_reader - DEBUG - 数据行 2: 12	21	6	1	1.29000E-002	1.40000E-003	8.00000E-004	3.78000E-008	7.00000E-010	3.22600E-007	3.45330E+000...
2025-05-15 15:19:24,998 - cp_data_processor.readers.dcp_reader - DEBUG - 数据行 3: 16	19	6	1	1.28000E-002	1.30000E-003	8.00000E-004	5.93000E-008	6.00000E-010	2.85900E-007	3.42490E+000...
2025-05-15 15:19:25,000 - cp_data_processor.readers.dcp_reader - INFO - 成功读取数据，形状: (346, 19)
2025-05-15 15:19:25,002 - cp_data_processor.readers.dcp_reader - INFO - 成功添加晶圆 01，包含 346 个芯片数据
2025-05-15 15:19:25,003 - cp_data_processor.readers.dcp_reader - DEBUG - 文件的前三行内容：
2025-05-15 15:19:25,003 - cp_data_processor.readers.dcp_reader - DEBUG - 行 1: Program name	H0206AD_E4_CP1.dll

2025-05-15 15:19:25,003 - cp_data_processor.readers.dcp_reader - DEBUG - 行 2: Lot number	C127251.00-CPTSTE11-241023-002743@CP

2025-05-15 15:19:25,003 - cp_data_processor.readers.dcp_reader - DEBUG - 行 3: Wafer number	02

2025-05-15 15:19:25,003 - cp_data_processor.readers.dcp_reader - DEBUG - 使用分隔符 '	' 从R2C2提取到LotID: C127251.00-CPTSTE11-241023-002743@CP
2025-05-15 15:19:25,003 - cp_data_processor.readers.dcp_reader - DEBUG - 使用分隔符 '	' 从R3C2提取到WaferID: 02
2025-05-15 15:19:25,004 - cp_data_processor.readers.dcp_reader - INFO - 开始处理文件: C127251.00-CPTSTE11-241023-002743@CP_002.TXT
2025-05-15 15:19:25,004 - cp_data_processor.readers.dcp_reader - INFO - 成功使用 utf-8 解码
2025-05-15 15:19:25,004 - cp_data_processor.readers.dcp_reader - DEBUG - 表头行: No.U	X	Y	Bin	CONT@D	CONT@G	CONT@S	IGSS1	IGSSR1	IDSS1	VTH1	BVDSS1	BVDSS2	BV2-BV1	RDSON1	VFSDS	IGSS2	I...
2025-05-15 15:19:25,004 - cp_data_processor.readers.dcp_reader - DEBUG - 数据行 1: 9	23	6	6	1.25000E-002	1.70000E-003	9.00000E-004	1.64000E-008	6.00000E-010	3.39000E-007	1.88040E+000...
2025-05-15 15:19:25,004 - cp_data_processor.readers.dcp_reader - DEBUG - 数据行 2: 12	21	6	1	1.28000E-002	1.40000E-003	8.00000E-004	3.09000E-008	5.00000E-010	3.14600E-007	3.34140E+000...
2025-05-15 15:19:25,004 - cp_data_processor.readers.dcp_reader - DEBUG - 数据行 3: 16	19	6	1	1.28000E-002	1.40000E-003	8.00000E-004	4.18000E-008	8.00000E-010	2.82200E-007	3.32670E+000...
2025-05-15 15:19:25,006 - cp_data_processor.readers.dcp_reader - INFO - 成功读取数据，形状: (346, 19)
2025-05-15 15:19:25,008 - cp_data_processor.readers.dcp_reader - INFO - 成功添加晶圆 02，包含 346 个芯片数据
2025-05-15 15:19:25,008 - cp_data_processor.readers.dcp_reader - DEBUG - 文件的前三行内容：
2025-05-15 15:19:25,008 - cp_data_processor.readers.dcp_reader - DEBUG - 行 1: Program name	H0206AD_E4_CP1.dll

2025-05-15 15:19:25,010 - cp_data_processor.readers.dcp_reader - DEBUG - 行 2: Lot number	C127251.00-CPTSTE11-241023-003706@CP

2025-05-15 15:19:25,010 - cp_data_processor.readers.dcp_reader - DEBUG - 行 3: Wafer number	03

2025-05-15 15:19:25,010 - cp_data_processor.readers.dcp_reader - DEBUG - 使用分隔符 '	' 从R2C2提取到LotID: C127251.00-CPTSTE11-241023-003706@CP
2025-05-15 15:19:25,011 - cp_data_processor.readers.dcp_reader - DEBUG - 使用分隔符 '	' 从R3C2提取到WaferID: 03
2025-05-15 15:19:25,011 - cp_data_processor.readers.dcp_reader - INFO - 开始处理文件: C127251.00-CPTSTE11-241023-003706@CP_003.TXT
2025-05-15 15:19:25,011 - cp_data_processor.readers.dcp_reader - INFO - 成功使用 utf-8 解码
2025-05-15 15:19:25,011 - cp_data_processor.readers.dcp_reader - DEBUG - 表头行: No.U	X	Y	Bin	CONT@D	CONT@G	CONT@S	IGSS1	IGSSR1	IDSS1	VTH1	BVDSS1	BVDSS2	BV2-BV1	RDSON1	VFSDS	IGSS2	I...
2025-05-15 15:19:25,011 - cp_data_processor.readers.dcp_reader - DEBUG - 数据行 1: 9	23	6	1	1.24000E-002	1.60000E-003	8.00000E-004	1.88000E-008	5.00000E-010	4.82300E-007	3.49480E+000	...
2025-05-15 15:19:25,011 - cp_data_processor.readers.dcp_reader - DEBUG - 数据行 2: 12	21	6	1	1.28000E-002	1.40000E-003	9.00000E-004	3.23000E-008	6.00000E-010	4.37300E-007	3.48350E+000...
2025-05-15 15:19:25,012 - cp_data_processor.readers.dcp_reader - DEBUG - 数据行 3: 16	19	6	1	1.27000E-002	1.40000E-003	9.00000E-004	4.41000E-008	4.00000E-010	3.64300E-007	3.45210E+000...
2025-05-15 15:19:25,013 - cp_data_processor.readers.dcp_reader - INFO - 成功读取数据，形状: (346, 19)
2025-05-15 15:19:25,015 - cp_data_processor.readers.dcp_reader - INFO - 成功添加晶圆 03，包含 346 个芯片数据
2025-05-15 15:19:25,015 - cp_data_processor.readers.dcp_reader - DEBUG - 文件的前三行内容：
2025-05-15 15:19:25,016 - cp_data_processor.readers.dcp_reader - DEBUG - 行 1: Program name	H0192AB_E4_CP1.dll

2025-05-15 15:19:25,016 - cp_data_processor.readers.dcp_reader - DEBUG - 行 2: Lot number	C146419.00-CPTSTE07-250312-163410@CP

2025-05-15 15:19:25,016 - cp_data_processor.readers.dcp_reader - DEBUG - 行 3: Wafer number	01

2025-05-15 15:19:25,016 - cp_data_processor.readers.dcp_reader - DEBUG - 使用分隔符 '	' 从R2C2提取到LotID: C146419.00-CPTSTE07-250312-163410@CP
2025-05-15 15:19:25,016 - cp_data_processor.readers.dcp_reader - DEBUG - 使用分隔符 '	' 从R3C2提取到WaferID: 01
2025-05-15 15:19:25,016 - cp_data_processor.readers.dcp_reader - INFO - 开始处理文件: C146419.00-CPTSTE07-250312-163410@CP_001.TXT
2025-05-15 15:19:25,017 - cp_data_processor.readers.dcp_reader - INFO - 成功使用 utf-8 解码
2025-05-15 15:19:25,017 - cp_data_processor.readers.dcp_reader - DEBUG - 表头行: No.U	X	Y	Bin	CONT@D	CONT@G	CONT@S	IGSS1	IGSSR1	IDSS1	VTH	BVDSS1	BVDSS2	BV2-BV1	RDSON1	VFSDS	IGSS2	IG...
2025-05-15 15:19:25,017 - cp_data_processor.readers.dcp_reader - DEBUG - 数据行 1: 3	17	6	1	1.32000E-002	1.30000E-003	1.00000E-003	2.85950E-009	1.50000E-009	8.01870E-009	3.47720E+000	...
2025-05-15 15:19:25,017 - cp_data_processor.readers.dcp_reader - DEBUG - 数据行 2: 7	15	6	1	1.32000E-002	1.30000E-003	9.00000E-004	3.03510E-009	1.50000E-009	9.94840E-009	3.47780E+000	...
2025-05-15 15:19:25,017 - cp_data_processor.readers.dcp_reader - DEBUG - 数据行 3: 11	13	6	1	1.32000E-002	1.40000E-003	1.00000E-003	3.92270E-009	1.60000E-009	1.19625E-008	3.49240E+000...
2025-05-15 15:19:25,019 - cp_data_processor.readers.dcp_reader - INFO - 成功读取数据，形状: (354, 19)
2025-05-15 15:19:25,021 - cp_data_processor.readers.dcp_reader - INFO - 成功添加晶圆 01，包含 354 个芯片数据
2025-05-15 15:19:25,022 - cp_data_processor.readers.dcp_reader - DEBUG - 文件的前三行内容：
2025-05-15 15:19:25,022 - cp_data_processor.readers.dcp_reader - DEBUG - 行 1: Program name	H0192AB_E4_CP1.dll

2025-05-15 15:19:25,022 - cp_data_processor.readers.dcp_reader - DEBUG - 行 2: Lot number	C146419.00-CPTSTE07-250312-163813@CP

2025-05-15 15:19:25,022 - cp_data_processor.readers.dcp_reader - DEBUG - 行 3: Wafer number	02

2025-05-15 15:19:25,022 - cp_data_processor.readers.dcp_reader - DEBUG - 使用分隔符 '	' 从R2C2提取到LotID: C146419.00-CPTSTE07-250312-163813@CP
2025-05-15 15:19:25,022 - cp_data_processor.readers.dcp_reader - DEBUG - 使用分隔符 '	' 从R3C2提取到WaferID: 02
2025-05-15 15:19:25,023 - cp_data_processor.readers.dcp_reader - INFO - 开始处理文件: C146419.00-CPTSTE07-250312-163813@CP_002.TXT
2025-05-15 15:19:25,023 - cp_data_processor.readers.dcp_reader - INFO - 成功使用 utf-8 解码
2025-05-15 15:19:25,023 - cp_data_processor.readers.dcp_reader - DEBUG - 表头行: No.U	X	Y	Bin	CONT@D	CONT@G	CONT@S	IGSS1	IGSSR1	IDSS1	VTH	BVDSS1	BVDSS2	BV2-BV1	RDSON1	VFSDS	IGSS2	IG...
2025-05-15 15:19:25,023 - cp_data_processor.readers.dcp_reader - DEBUG - 数据行 1: 3	17	6	1	1.32000E-002	1.20000E-003	9.00000E-004	3.32780E-009	1.40000E-009	3.88760E-009	3.49960E+000	...
2025-05-15 15:19:25,023 - cp_data_processor.readers.dcp_reader - DEBUG - 数据行 2: 7	15	6	1	1.32000E-002	1.20000E-003	1.00000E-003	3.39810E-009	1.60000E-009	5.53630E-009	3.50020E+000	...
2025-05-15 15:19:25,024 - cp_data_processor.readers.dcp_reader - DEBUG - 数据行 3: 11	13	6	1	1.32000E-002	1.20000E-003	9.00000E-004	3.67910E-009	1.30000E-009	8.19670E-009	3.52880E+000...
2025-05-15 15:19:25,025 - cp_data_processor.readers.dcp_reader - INFO - 成功读取数据，形状: (354, 19)
2025-05-15 15:19:25,027 - cp_data_processor.readers.dcp_reader - INFO - 成功添加晶圆 02，包含 354 个芯片数据
2025-05-15 15:19:25,028 - cp_data_processor.readers.dcp_reader - DEBUG - 文件的前三行内容：
2025-05-15 15:19:25,028 - cp_data_processor.readers.dcp_reader - DEBUG - 行 1: Program name	H0192AB_E4_CP1.dll

2025-05-15 15:19:25,028 - cp_data_processor.readers.dcp_reader - DEBUG - 行 2: Lot number	C146419.00-CPTSTE07-250312-164215@CP

2025-05-15 15:19:25,029 - cp_data_processor.readers.dcp_reader - DEBUG - 行 3: Wafer number	03

2025-05-15 15:19:25,029 - cp_data_processor.readers.dcp_reader - DEBUG - 使用分隔符 '	' 从R2C2提取到LotID: C146419.00-CPTSTE07-250312-164215@CP
2025-05-15 15:19:25,029 - cp_data_processor.readers.dcp_reader - DEBUG - 使用分隔符 '	' 从R3C2提取到WaferID: 03
2025-05-15 15:19:25,029 - cp_data_processor.readers.dcp_reader - INFO - 开始处理文件: C146419.00-CPTSTE07-250312-164215@CP_003.TXT
2025-05-15 15:19:25,029 - cp_data_processor.readers.dcp_reader - INFO - 成功使用 utf-8 解码
2025-05-15 15:19:25,029 - cp_data_processor.readers.dcp_reader - DEBUG - 表头行: No.U	X	Y	Bin	CONT@D	CONT@G	CONT@S	IGSS1	IGSSR1	IDSS1	VTH	BVDSS1	BVDSS2	BV2-BV1	RDSON1	VFSDS	IGSS2	IG...
2025-05-15 15:19:25,030 - cp_data_processor.readers.dcp_reader - DEBUG - 数据行 1: 3	17	6	1	1.32000E-002	1.20000E-003	9.00000E-004	3.36300E-009	1.80000E-009	2.00470E-009	3.47940E+000	...
2025-05-15 15:19:25,030 - cp_data_processor.readers.dcp_reader - DEBUG - 数据行 2: 7	15	6	1	1.32000E-002	1.20000E-003	9.00000E-004	3.84070E-009	1.60000E-009	2.37000E-009	3.47430E+000	...
2025-05-15 15:19:25,030 - cp_data_processor.readers.dcp_reader - DEBUG - 数据行 3: 11	13	6	1	1.32000E-002	1.20000E-003	9.00000E-004	3.81960E-009	1.50000E-009	1.19910E-009	3.50450E+000...
2025-05-15 15:19:25,033 - cp_data_processor.readers.dcp_reader - INFO - 成功读取数据，形状: (354, 19)
2025-05-15 15:19:25,034 - cp_data_processor.readers.dcp_reader - INFO - 成功添加晶圆 03，包含 354 个芯片数据
2025-05-15 15:19:25,035 - cp_data_processor.readers.dcp_reader - DEBUG - 文件的前三行内容：
2025-05-15 15:19:25,035 - cp_data_processor.readers.dcp_reader - DEBUG - 行 1: Program name	H0192AB_E4_CP1.dll

2025-05-15 15:19:25,035 - cp_data_processor.readers.dcp_reader - DEBUG - 行 2: Lot number	C146419.00-CPTSTE07-250312-164618@CP

2025-05-15 15:19:25,035 - cp_data_processor.readers.dcp_reader - DEBUG - 行 3: Wafer number	04

2025-05-15 15:19:25,036 - cp_data_processor.readers.dcp_reader - DEBUG - 使用分隔符 '	' 从R2C2提取到LotID: C146419.00-CPTSTE07-250312-164618@CP
2025-05-15 15:19:25,036 - cp_data_processor.readers.dcp_reader - DEBUG - 使用分隔符 '	' 从R3C2提取到WaferID: 04
2025-05-15 15:19:25,036 - cp_data_processor.readers.dcp_reader - INFO - 开始处理文件: C146419.00-CPTSTE07-250312-164618@CP_004.TXT
2025-05-15 15:19:25,036 - cp_data_processor.readers.dcp_reader - INFO - 成功使用 utf-8 解码
2025-05-15 15:19:25,036 - cp_data_processor.readers.dcp_reader - DEBUG - 表头行: No.U	X	Y	Bin	CONT@D	CONT@G	CONT@S	IGSS1	IGSSR1	IDSS1	VTH	BVDSS1	BVDSS2	BV2-BV1	RDSON1	VFSDS	IGSS2	IG...
2025-05-15 15:19:25,036 - cp_data_processor.readers.dcp_reader - DEBUG - 数据行 1: 3	17	6	1	1.32000E-002	1.30000E-003	9.00000E-004	2.89230E-009	1.60000E-009	1.47540E-008	3.49530E+000	...
2025-05-15 15:19:25,037 - cp_data_processor.readers.dcp_reader - DEBUG - 数据行 2: 7	15	6	1	1.32000E-002	1.20000E-003	9.00000E-004	3.12410E-009	1.60000E-009	1.50444E-008	3.49620E+000	...
2025-05-15 15:19:25,037 - cp_data_processor.readers.dcp_reader - DEBUG - 数据行 3: 11	13	6	1	1.32000E-002	1.20000E-003	9.00000E-004	3.51290E-009	1.40000E-009	1.85292E-008	3.51860E+000...
2025-05-15 15:19:25,039 - cp_data_processor.readers.dcp_reader - INFO - 成功读取数据，形状: (354, 19)
2025-05-15 15:19:25,040 - cp_data_processor.readers.dcp_reader - INFO - 成功添加晶圆 04，包含 354 个芯片数据
2025-05-15 15:19:25,040 - cp_data_processor.readers.dcp_reader - DEBUG - 文件的前三行内容：
2025-05-15 15:19:25,042 - cp_data_processor.readers.dcp_reader - DEBUG - 行 1: Program name	H0192AB_E4_CP1.dll

2025-05-15 15:19:25,042 - cp_data_processor.readers.dcp_reader - DEBUG - 行 2: Lot number	C146419.00-CPTSTE07-250312-165021@CP

2025-05-15 15:19:25,042 - cp_data_processor.readers.dcp_reader - DEBUG - 行 3: Wafer number	05

2025-05-15 15:19:25,042 - cp_data_processor.readers.dcp_reader - DEBUG - 使用分隔符 '	' 从R2C2提取到LotID: C146419.00-CPTSTE07-250312-165021@CP
2025-05-15 15:19:25,042 - cp_data_processor.readers.dcp_reader - DEBUG - 使用分隔符 '	' 从R3C2提取到WaferID: 05
2025-05-15 15:19:25,043 - cp_data_processor.readers.dcp_reader - INFO - 开始处理文件: C146419.00-CPTSTE07-250312-165021@CP_005.TXT
2025-05-15 15:19:25,043 - cp_data_processor.readers.dcp_reader - INFO - 成功使用 utf-8 解码
2025-05-15 15:19:25,043 - cp_data_processor.readers.dcp_reader - DEBUG - 表头行: No.U	X	Y	Bin	CONT@D	CONT@G	CONT@S	IGSS1	IGSSR1	IDSS1	VTH	BVDSS1	BVDSS2	BV2-BV1	RDSON1	VFSDS	IGSS2	IG...
2025-05-15 15:19:25,043 - cp_data_processor.readers.dcp_reader - DEBUG - 数据行 1: 3	17	6	1	1.32000E-002	1.20000E-003	9.00000E-004	3.13820E-009	1.20000E-009	4.73060E-009	3.48530E+000	...
2025-05-15 15:19:25,043 - cp_data_processor.readers.dcp_reader - DEBUG - 数据行 2: 7	15	6	1	1.32000E-002	1.20000E-003	9.00000E-004	3.34420E-009	1.40000E-009	3.79390E-009	3.48900E+000	...
2025-05-15 15:19:25,043 - cp_data_processor.readers.dcp_reader - DEBUG - 数据行 3: 11	13	6	1	1.32000E-002	1.20000E-003	9.00000E-004	3.95080E-009	1.40000E-009	7.07260E-009	3.51140E+000...
2025-05-15 15:19:25,045 - cp_data_processor.readers.dcp_reader - INFO - 成功读取数据，形状: (354, 19)
2025-05-15 15:19:25,047 - cp_data_processor.readers.dcp_reader - INFO - 成功添加晶圆 05，包含 354 个芯片数据
2025-05-15 15:19:25,047 - cp_data_processor.readers.dcp_reader - DEBUG - 文件的前三行内容：
2025-05-15 15:19:25,048 - cp_data_processor.readers.dcp_reader - DEBUG - 行 1: Program name	H0192AB_E4_CP1.dll

2025-05-15 15:19:25,048 - cp_data_processor.readers.dcp_reader - DEBUG - 行 2: Lot number	C146419.00-CPTSTE07-250312-165428@CP

2025-05-15 15:19:25,048 - cp_data_processor.readers.dcp_reader - DEBUG - 行 3: Wafer number	06

2025-05-15 15:19:25,048 - cp_data_processor.readers.dcp_reader - DEBUG - 使用分隔符 '	' 从R2C2提取到LotID: C146419.00-CPTSTE07-250312-165428@CP
2025-05-15 15:19:25,048 - cp_data_processor.readers.dcp_reader - DEBUG - 使用分隔符 '	' 从R3C2提取到WaferID: 06
2025-05-15 15:19:25,048 - cp_data_processor.readers.dcp_reader - INFO - 开始处理文件: C146419.00-CPTSTE07-250312-165428@CP_006.TXT
2025-05-15 15:19:25,048 - cp_data_processor.readers.dcp_reader - INFO - 成功使用 utf-8 解码
2025-05-15 15:19:25,049 - cp_data_processor.readers.dcp_reader - DEBUG - 表头行: No.U	X	Y	Bin	CONT@D	CONT@G	CONT@S	IGSS1	IGSSR1	IDSS1	VTH	BVDSS1	BVDSS2	BV2-BV1	RDSON1	VFSDS	IGSS2	IG...
2025-05-15 15:19:25,049 - cp_data_processor.readers.dcp_reader - DEBUG - 数据行 1: 3	17	6	1	1.32000E-002	1.20000E-003	9.00000E-004	3.45900E-009	1.50000E-009	7.63460E-009	3.49950E+000	...
2025-05-15 15:19:25,049 - cp_data_processor.readers.dcp_reader - DEBUG - 数据行 2: 7	15	6	1	1.32000E-002	1.20000E-003	9.00000E-004	3.70260E-009	1.30000E-009	5.82670E-009	3.49410E+000	...
2025-05-15 15:19:25,049 - cp_data_processor.readers.dcp_reader - DEBUG - 数据行 3: 11	13	6	1	1.31000E-002	1.20000E-003	9.00000E-004	3.71430E-009	1.40000E-009	8.17790E-009	3.51940E+000...
2025-05-15 15:19:25,051 - cp_data_processor.readers.dcp_reader - INFO - 成功读取数据，形状: (354, 19)
2025-05-15 15:19:25,052 - cp_data_processor.readers.dcp_reader - INFO - 成功添加晶圆 06，包含 354 个芯片数据
2025-05-15 15:19:25,053 - cp_data_processor.readers.dcp_reader - DEBUG - 文件的前三行内容：
2025-05-15 15:19:25,053 - cp_data_processor.readers.dcp_reader - DEBUG - 行 1: Program name	H0192AB_E4_CP1.dll

2025-05-15 15:19:25,054 - cp_data_processor.readers.dcp_reader - DEBUG - 行 2: Lot number	C146419.00-CPTSTE07-250312-165834@CP

2025-05-15 15:19:25,054 - cp_data_processor.readers.dcp_reader - DEBUG - 行 3: Wafer number	07

2025-05-15 15:19:25,054 - cp_data_processor.readers.dcp_reader - DEBUG - 使用分隔符 '	' 从R2C2提取到LotID: C146419.00-CPTSTE07-250312-165834@CP
2025-05-15 15:19:25,054 - cp_data_processor.readers.dcp_reader - DEBUG - 使用分隔符 '	' 从R3C2提取到WaferID: 07
2025-05-15 15:19:25,054 - cp_data_processor.readers.dcp_reader - INFO - 开始处理文件: C146419.00-CPTSTE07-250312-165834@CP_007.TXT
2025-05-15 15:19:25,054 - cp_data_processor.readers.dcp_reader - INFO - 成功使用 utf-8 解码
2025-05-15 15:19:25,055 - cp_data_processor.readers.dcp_reader - DEBUG - 表头行: No.U	X	Y	Bin	CONT@D	CONT@G	CONT@S	IGSS1	IGSSR1	IDSS1	VTH	BVDSS1	BVDSS2	BV2-BV1	RDSON1	VFSDS	IGSS2	IG...
2025-05-15 15:19:25,055 - cp_data_processor.readers.dcp_reader - DEBUG - 数据行 1: 3	17	6	1	1.32000E-002	1.20000E-003	9.00000E-004	2.99530E-009	1.60000E-009	1.14280E-009	3.48240E+000	...
2025-05-15 15:19:25,055 - cp_data_processor.readers.dcp_reader - DEBUG - 数据行 2: 7	15	6	1	1.32000E-002	1.20000E-003	9.00000E-004	3.27160E-009	1.40000E-009	1.34890E-009	3.48280E+000	...
2025-05-15 15:19:25,055 - cp_data_processor.readers.dcp_reader - DEBUG - 数据行 3: 11	13	6	1	1.31000E-002	1.20000E-003	9.00000E-004	3.58310E-009	1.50000E-009	3.66270E-009	3.50430E+000...
2025-05-15 15:19:25,058 - cp_data_processor.readers.dcp_reader - INFO - 成功读取数据，形状: (354, 19)
2025-05-15 15:19:25,059 - cp_data_processor.readers.dcp_reader - INFO - 成功添加晶圆 07，包含 354 个芯片数据
2025-05-15 15:19:25,060 - cp_data_processor.readers.dcp_reader - DEBUG - 文件的前三行内容：
2025-05-15 15:19:25,060 - cp_data_processor.readers.dcp_reader - DEBUG - 行 1: Program name	H0192AB_E4_CP1.dll

2025-05-15 15:19:25,060 - cp_data_processor.readers.dcp_reader - DEBUG - 行 2: Lot number	C146419.00-CPTSTE07-250312-170237@CP

2025-05-15 15:19:25,060 - cp_data_processor.readers.dcp_reader - DEBUG - 行 3: Wafer number	08

2025-05-15 15:19:25,060 - cp_data_processor.readers.dcp_reader - DEBUG - 使用分隔符 '	' 从R2C2提取到LotID: C146419.00-CPTSTE07-250312-170237@CP
2025-05-15 15:19:25,060 - cp_data_processor.readers.dcp_reader - DEBUG - 使用分隔符 '	' 从R3C2提取到WaferID: 08
2025-05-15 15:19:25,061 - cp_data_processor.readers.dcp_reader - INFO - 开始处理文件: C146419.00-CPTSTE07-250312-170237@CP_008.TXT
2025-05-15 15:19:25,061 - cp_data_processor.readers.dcp_reader - INFO - 成功使用 utf-8 解码
2025-05-15 15:19:25,061 - cp_data_processor.readers.dcp_reader - DEBUG - 表头行: No.U	X	Y	Bin	CONT@D	CONT@G	CONT@S	IGSS1	IGSSR1	IDSS1	VTH	BVDSS1	BVDSS2	BV2-BV1	RDSON1	VFSDS	IGSS2	IG...
2025-05-15 15:19:25,061 - cp_data_processor.readers.dcp_reader - DEBUG - 数据行 1: 3	17	6	1	1.31000E-002	1.20000E-003	9.00000E-004	3.50580E-009	1.60000E-009	1.03419E-008	3.50150E+000	...
2025-05-15 15:19:25,061 - cp_data_processor.readers.dcp_reader - DEBUG - 数据行 2: 7	15	6	5	1.32000E-002	1.20000E-003	9.00000E-004	3.37230E-009	1.40000E-009	5.19519E-007...
2025-05-15 15:19:25,061 - cp_data_processor.readers.dcp_reader - DEBUG - 数据行 3: 11	13	6	1	1.32000E-002	1.20000E-003	9.00000E-004	3.68850E-009	1.20000E-009	8.72130E-009	3.53060E+000...
2025-05-15 15:19:25,063 - cp_data_processor.readers.dcp_reader - INFO - 成功读取数据，形状: (354, 19)
2025-05-15 15:19:25,065 - cp_data_processor.readers.dcp_reader - INFO - 成功添加晶圆 08，包含 354 个芯片数据
2025-05-15 15:19:25,066 - cp_data_processor.readers.dcp_reader - DEBUG - 文件的前三行内容：
2025-05-15 15:19:25,066 - cp_data_processor.readers.dcp_reader - DEBUG - 行 1: Program name	H0192AB_E4_CP1.dll

2025-05-15 15:19:25,066 - cp_data_processor.readers.dcp_reader - DEBUG - 行 2: Lot number	C146419.00-CPTSTE07-250312-170641@CP

2025-05-15 15:19:25,067 - cp_data_processor.readers.dcp_reader - DEBUG - 行 3: Wafer number	09

2025-05-15 15:19:25,067 - cp_data_processor.readers.dcp_reader - DEBUG - 使用分隔符 '	' 从R2C2提取到LotID: C146419.00-CPTSTE07-250312-170641@CP
2025-05-15 15:19:25,067 - cp_data_processor.readers.dcp_reader - DEBUG - 使用分隔符 '	' 从R3C2提取到WaferID: 09
2025-05-15 15:19:25,067 - cp_data_processor.readers.dcp_reader - INFO - 开始处理文件: C146419.00-CPTSTE07-250312-170641@CP_009.TXT
2025-05-15 15:19:25,067 - cp_data_processor.readers.dcp_reader - INFO - 成功使用 utf-8 解码
2025-05-15 15:19:25,067 - cp_data_processor.readers.dcp_reader - DEBUG - 表头行: No.U	X	Y	Bin	CONT@D	CONT@G	CONT@S	IGSS1	IGSSR1	IDSS1	VTH	BVDSS1	BVDSS2	BV2-BV1	RDSON1	VFSDS	IGSS2	IG...
2025-05-15 15:19:25,067 - cp_data_processor.readers.dcp_reader - DEBUG - 数据行 1: 3	17	6	1	1.32000E-002	1.20000E-003	9.00000E-004	2.81730E-009	1.60000E-009	6.94140E-009	3.49690E+000	...
2025-05-15 15:19:25,068 - cp_data_processor.readers.dcp_reader - DEBUG - 数据行 2: 7	15	6	1	1.32000E-002	1.20000E-003	9.00000E-004	3.33250E-009	1.70000E-009	5.42390E-009	3.50010E+000	...
2025-05-15 15:19:25,068 - cp_data_processor.readers.dcp_reader - DEBUG - 数据行 3: 11	13	6	1	1.31000E-002	1.20000E-003	9.00000E-004	3.59480E-009	1.50000E-009	5.26460E-009	3.51260E+000...
2025-05-15 15:19:25,070 - cp_data_processor.readers.dcp_reader - INFO - 成功读取数据，形状: (354, 19)
2025-05-15 15:19:25,071 - cp_data_processor.readers.dcp_reader - INFO - 成功添加晶圆 09，包含 354 个芯片数据
2025-05-15 15:19:25,072 - cp_data_processor.readers.dcp_reader - DEBUG - 文件的前三行内容：
2025-05-15 15:19:25,072 - cp_data_processor.readers.dcp_reader - DEBUG - 行 1: Program name	H0192AB_E4_CP1.dll

2025-05-15 15:19:25,072 - cp_data_processor.readers.dcp_reader - DEBUG - 行 2: Lot number	C146419.00-CPTSTE07-250312-171044@CP

2025-05-15 15:19:25,072 - cp_data_processor.readers.dcp_reader - DEBUG - 行 3: Wafer number	10

2025-05-15 15:19:25,073 - cp_data_processor.readers.dcp_reader - DEBUG - 使用分隔符 '	' 从R2C2提取到LotID: C146419.00-CPTSTE07-250312-171044@CP
2025-05-15 15:19:25,073 - cp_data_processor.readers.dcp_reader - DEBUG - 使用分隔符 '	' 从R3C2提取到WaferID: 10
2025-05-15 15:19:25,073 - cp_data_processor.readers.dcp_reader - INFO - 开始处理文件: C146419.00-CPTSTE07-250312-171044@CP_010.TXT
2025-05-15 15:19:25,073 - cp_data_processor.readers.dcp_reader - INFO - 成功使用 utf-8 解码
2025-05-15 15:19:25,073 - cp_data_processor.readers.dcp_reader - DEBUG - 表头行: No.U	X	Y	Bin	CONT@D	CONT@G	CONT@S	IGSS1	IGSSR1	IDSS1	VTH	BVDSS1	BVDSS2	BV2-BV1	RDSON1	VFSDS	IGSS2	IG...
2025-05-15 15:19:25,073 - cp_data_processor.readers.dcp_reader - DEBUG - 数据行 1: 3	17	6	1	1.32000E-002	1.20000E-003	9.00000E-004	2.85010E-009	1.50000E-009	6.36060E-009	3.47980E+000	...
2025-05-15 15:19:25,074 - cp_data_processor.readers.dcp_reader - DEBUG - 数据行 2: 7	15	6	1	1.32000E-002	1.20000E-003	9.00000E-004	2.93210E-009	1.40000E-009	5.44260E-009	3.48350E+000	...
2025-05-15 15:19:25,074 - cp_data_processor.readers.dcp_reader - DEBUG - 数据行 3: 11	13	6	1	1.32000E-002	1.20000E-003	9.00000E-004	3.73300E-009	1.40000E-009	1.54097E-008	3.51390E+000...
2025-05-15 15:19:25,077 - cp_data_processor.readers.dcp_reader - INFO - 成功读取数据，形状: (354, 19)
2025-05-15 15:19:25,079 - cp_data_processor.readers.dcp_reader - INFO - 成功添加晶圆 10，包含 354 个芯片数据
2025-05-15 15:19:25,080 - cp_data_processor.readers.dcp_reader - DEBUG - 文件的前三行内容：
2025-05-15 15:19:25,080 - cp_data_processor.readers.dcp_reader - DEBUG - 行 1: Program name	H0192AB_E4_CP1.dll

2025-05-15 15:19:25,080 - cp_data_processor.readers.dcp_reader - DEBUG - 行 2: Lot number	C146419.00-CPTSTE07-250312-171445@CP

2025-05-15 15:19:25,080 - cp_data_processor.readers.dcp_reader - DEBUG - 行 3: Wafer number	11

2025-05-15 15:19:25,081 - cp_data_processor.readers.dcp_reader - DEBUG - 使用分隔符 '	' 从R2C2提取到LotID: C146419.00-CPTSTE07-250312-171445@CP
2025-05-15 15:19:25,081 - cp_data_processor.readers.dcp_reader - DEBUG - 使用分隔符 '	' 从R3C2提取到WaferID: 11
2025-05-15 15:19:25,081 - cp_data_processor.readers.dcp_reader - INFO - 开始处理文件: C146419.00-CPTSTE07-250312-171445@CP_011.TXT
2025-05-15 15:19:25,081 - cp_data_processor.readers.dcp_reader - INFO - 成功使用 utf-8 解码
2025-05-15 15:19:25,081 - cp_data_processor.readers.dcp_reader - DEBUG - 表头行: No.U	X	Y	Bin	CONT@D	CONT@G	CONT@S	IGSS1	IGSSR1	IDSS1	VTH	BVDSS1	BVDSS2	BV2-BV1	RDSON1	VFSDS	IGSS2	IG...
2025-05-15 15:19:25,081 - cp_data_processor.readers.dcp_reader - DEBUG - 数据行 1: 3	17	6	5	1.32000E-002	1.10000E-003	9.00000E-004	3.28100E-009	1.50000E-009	5.46550E-006...
2025-05-15 15:19:25,082 - cp_data_processor.readers.dcp_reader - DEBUG - 数据行 2: 7	15	6	1	1.32000E-002	1.10000E-003	9.00000E-004	3.48480E-009	1.60000E-009	2.24800E-010	3.52230E+000	...
2025-05-15 15:19:25,082 - cp_data_processor.readers.dcp_reader - DEBUG - 数据行 3: 11	13	6	1	1.31000E-002	1.10000E-003	9.00000E-004	3.88520E-009	1.80000E-009	4.08430E-009	3.53570E+000...
2025-05-15 15:19:25,084 - cp_data_processor.readers.dcp_reader - INFO - 成功读取数据，形状: (354, 19)
2025-05-15 15:19:25,085 - cp_data_processor.readers.dcp_reader - INFO - 成功添加晶圆 11，包含 354 个芯片数据
2025-05-15 15:19:25,086 - cp_data_processor.readers.dcp_reader - DEBUG - 文件的前三行内容：
2025-05-15 15:19:25,087 - cp_data_processor.readers.dcp_reader - DEBUG - 行 1: Program name	H0192AB_E4_CP1.dll

2025-05-15 15:19:25,087 - cp_data_processor.readers.dcp_reader - DEBUG - 行 2: Lot number	C146419.00-CPTSTE07-250312-171940@CP

2025-05-15 15:19:25,087 - cp_data_processor.readers.dcp_reader - DEBUG - 行 3: Wafer number	12

2025-05-15 15:19:25,087 - cp_data_processor.readers.dcp_reader - DEBUG - 使用分隔符 '	' 从R2C2提取到LotID: C146419.00-CPTSTE07-250312-171940@CP
2025-05-15 15:19:25,088 - cp_data_processor.readers.dcp_reader - DEBUG - 使用分隔符 '	' 从R3C2提取到WaferID: 12
2025-05-15 15:19:25,088 - cp_data_processor.readers.dcp_reader - INFO - 开始处理文件: C146419.00-CPTSTE07-250312-171940@CP_012.TXT
2025-05-15 15:19:25,088 - cp_data_processor.readers.dcp_reader - INFO - 成功使用 utf-8 解码
2025-05-15 15:19:25,088 - cp_data_processor.readers.dcp_reader - DEBUG - 表头行: No.U	X	Y	Bin	CONT@D	CONT@G	CONT@S	IGSS1	IGSSR1	IDSS1	VTH	BVDSS1	BVDSS2	BV2-BV1	RDSON1	VFSDS	IGSS2	IG...
2025-05-15 15:19:25,088 - cp_data_processor.readers.dcp_reader - DEBUG - 数据行 1: 3	17	6	1	1.31000E-002	1.20000E-003	9.00000E-004	3.51520E-009	1.50000E-009	1.32458E-008	3.50530E+000	...
2025-05-15 15:19:25,088 - cp_data_processor.readers.dcp_reader - DEBUG - 数据行 2: 7	15	6	1	1.32000E-002	1.20000E-003	9.00000E-004	3.60890E-009	1.60000E-009	1.18688E-008	3.51010E+000	...
2025-05-15 15:19:25,089 - cp_data_processor.readers.dcp_reader - DEBUG - 数据行 3: 11	13	6	1	1.32000E-002	1.20000E-003	9.00000E-004	4.01400E-009	1.00000E-009	3.06696E-008	3.53270E+000...
2025-05-15 15:19:25,091 - cp_data_processor.readers.dcp_reader - INFO - 成功读取数据，形状: (354, 19)
2025-05-15 15:19:25,092 - cp_data_processor.readers.dcp_reader - INFO - 成功添加晶圆 12，包含 354 个芯片数据
2025-05-15 15:19:25,093 - cp_data_processor.readers.dcp_reader - DEBUG - 文件的前三行内容：
2025-05-15 15:19:25,093 - cp_data_processor.readers.dcp_reader - DEBUG - 行 1: Program name	H0192AB_E4_CP1.dll

2025-05-15 15:19:25,093 - cp_data_processor.readers.dcp_reader - DEBUG - 行 2: Lot number	C146419.00-CPTSTE07-250312-172341@CP

2025-05-15 15:19:25,093 - cp_data_processor.readers.dcp_reader - DEBUG - 行 3: Wafer number	13

2025-05-15 15:19:25,093 - cp_data_processor.readers.dcp_reader - DEBUG - 使用分隔符 '	' 从R2C2提取到LotID: C146419.00-CPTSTE07-250312-172341@CP
2025-05-15 15:19:25,093 - cp_data_processor.readers.dcp_reader - DEBUG - 使用分隔符 '	' 从R3C2提取到WaferID: 13
2025-05-15 15:19:25,093 - cp_data_processor.readers.dcp_reader - INFO - 开始处理文件: C146419.00-CPTSTE07-250312-172341@CP_013.TXT
2025-05-15 15:19:25,094 - cp_data_processor.readers.dcp_reader - INFO - 成功使用 utf-8 解码
2025-05-15 15:19:25,094 - cp_data_processor.readers.dcp_reader - DEBUG - 表头行: No.U	X	Y	Bin	CONT@D	CONT@G	CONT@S	IGSS1	IGSSR1	IDSS1	VTH	BVDSS1	BVDSS2	BV2-BV1	RDSON1	VFSDS	IGSS2	IG...
2025-05-15 15:19:25,094 - cp_data_processor.readers.dcp_reader - DEBUG - 数据行 1: 3	17	6	1	1.32000E-002	1.20000E-003	9.00000E-004	3.18030E-009	1.60000E-009	3.41920E-009	3.49120E+000	...
2025-05-15 15:19:25,094 - cp_data_processor.readers.dcp_reader - DEBUG - 数据行 2: 7	15	6	1	1.32000E-002	1.20000E-003	9.00000E-004	3.23420E-009	1.40000E-009	5.18030E-009	3.49150E+000	...
2025-05-15 15:19:25,094 - cp_data_processor.readers.dcp_reader - DEBUG - 数据行 3: 11	13	6	1	1.32000E-002	1.20000E-003	9.00000E-004	3.81960E-009	1.80000E-009	7.77510E-009	3.50400E+000...
2025-05-15 15:19:25,096 - cp_data_processor.readers.dcp_reader - INFO - 成功读取数据，形状: (354, 19)
2025-05-15 15:19:25,099 - cp_data_processor.readers.dcp_reader - INFO - 成功添加晶圆 13，包含 354 个芯片数据
2025-05-15 15:19:25,100 - cp_data_processor.readers.dcp_reader - DEBUG - 文件的前三行内容：
2025-05-15 15:19:25,100 - cp_data_processor.readers.dcp_reader - DEBUG - 行 1: Program name	J0054AA_E4_A01_CP1.dll

2025-05-15 15:19:25,101 - cp_data_processor.readers.dcp_reader - DEBUG - 行 2: Lot number	E001042.00-EPTSTE02-250321-073726@CP

2025-05-15 15:19:25,101 - cp_data_processor.readers.dcp_reader - DEBUG - 行 3: Wafer number	01

2025-05-15 15:19:25,101 - cp_data_processor.readers.dcp_reader - DEBUG - 使用分隔符 '	' 从R2C2提取到LotID: E001042.00-EPTSTE02-250321-073726@CP
2025-05-15 15:19:25,101 - cp_data_processor.readers.dcp_reader - DEBUG - 使用分隔符 '	' 从R3C2提取到WaferID: 01
2025-05-15 15:19:25,101 - cp_data_processor.readers.dcp_reader - INFO - 开始处理文件: E001042.00-EPTSTE02-250321-073726@CP_001.TXT
2025-05-15 15:19:25,102 - cp_data_processor.readers.dcp_reader - INFO - 成功使用 utf-8 解码
2025-05-15 15:19:25,102 - cp_data_processor.readers.dcp_reader - DEBUG - 表头行: No.U	X	Y	Bin	CONT@D	CONT@G	CONT@S	 IGSS1	 IGSSR1	BVDSS1	BVDSS2	BV2-BV1	 IDSS1	 VTH1	 IDSS2	RDSON	VFS...
2025-05-15 15:19:25,102 - cp_data_processor.readers.dcp_reader - DEBUG - 数据行 1: 6	16	5	1	1.30000E-002	1.02000E-002	6.90000E-003	2.02080E-009	1.09350E-009	6.36200E+002	6.48013E+002	...
2025-05-15 15:19:25,102 - cp_data_processor.readers.dcp_reader - DEBUG - 数据行 2: 10	18	5	1	1.26000E-002	1.00000E-002	6.70000E-003	1.35580E-009	2.50600E-010	6.35573E+002	6.47153E+002...
2025-05-15 15:19:25,102 - cp_data_processor.readers.dcp_reader - DEBUG - 数据行 3: 15	23	7	1	1.26000E-002	1.00000E-002	6.70000E-003	1.61100E-009	5.22200E-010	6.68787E+002	6.81235E+002...
2025-05-15 15:19:25,105 - cp_data_processor.readers.dcp_reader - INFO - 成功读取数据，形状: (442, 19)
2025-05-15 15:19:25,107 - cp_data_processor.readers.dcp_reader - INFO - 成功添加晶圆 01，包含 442 个芯片数据
2025-05-15 15:19:25,107 - cp_data_processor.readers.dcp_reader - DEBUG - 文件的前三行内容：
2025-05-15 15:19:25,107 - cp_data_processor.readers.dcp_reader - DEBUG - 行 1: Program name	J0054AA_E4_A01_CP1.dll

2025-05-15 15:19:25,108 - cp_data_processor.readers.dcp_reader - DEBUG - 行 2: Lot number	E001042.00-EPTSTE02-250321-074253@CP

2025-05-15 15:19:25,108 - cp_data_processor.readers.dcp_reader - DEBUG - 行 3: Wafer number	02

2025-05-15 15:19:25,108 - cp_data_processor.readers.dcp_reader - DEBUG - 使用分隔符 '	' 从R2C2提取到LotID: E001042.00-EPTSTE02-250321-074253@CP
2025-05-15 15:19:25,108 - cp_data_processor.readers.dcp_reader - DEBUG - 使用分隔符 '	' 从R3C2提取到WaferID: 02
2025-05-15 15:19:25,109 - cp_data_processor.readers.dcp_reader - INFO - 开始处理文件: E001042.00-EPTSTE02-250321-074253@CP_002.TXT
2025-05-15 15:19:25,109 - cp_data_processor.readers.dcp_reader - INFO - 成功使用 utf-8 解码
2025-05-15 15:19:25,110 - cp_data_processor.readers.dcp_reader - DEBUG - 表头行: No.U	X	Y	Bin	CONT@D	CONT@G	CONT@S	 IGSS1	 IGSSR1	BVDSS1	BVDSS2	BV2-BV1	 IDSS1	 VTH1	 IDSS2	RDSON	VFS...
2025-05-15 15:19:25,110 - cp_data_processor.readers.dcp_reader - DEBUG - 数据行 1: 6	16	5	1	1.30000E-002	1.04000E-002	6.90000E-003	2.31820E-009	8.68700E-010	6.97148E+002	7.04594E+002	...
2025-05-15 15:19:25,110 - cp_data_processor.readers.dcp_reader - DEBUG - 数据行 2: 10	18	5	1	1.26000E-002	1.01000E-002	6.70000E-003	1.29720E-009	3.41900E-010	6.95808E+002	7.02782E+002...
2025-05-15 15:19:25,110 - cp_data_processor.readers.dcp_reader - DEBUG - 数据行 3: 15	23	7	1	1.27000E-002	1.01000E-002	6.70000E-003	1.72810E-009	9.27300E-010	7.05912E+002	7.09416E+002...
2025-05-15 15:19:25,112 - cp_data_processor.readers.dcp_reader - INFO - 成功读取数据，形状: (442, 19)
2025-05-15 15:19:25,114 - cp_data_processor.readers.dcp_reader - INFO - 成功添加晶圆 02，包含 442 个芯片数据
2025-05-15 15:19:25,115 - cp_data_processor.readers.dcp_reader - DEBUG - 文件的前三行内容：
2025-05-15 15:19:25,115 - cp_data_processor.readers.dcp_reader - DEBUG - 行 1: Program name	J0054AA_E4_A01_CP1.dll

2025-05-15 15:19:25,115 - cp_data_processor.readers.dcp_reader - DEBUG - 行 2: Lot number	E001042.00-EPTSTE02-250321-074820@CP

2025-05-15 15:19:25,115 - cp_data_processor.readers.dcp_reader - DEBUG - 行 3: Wafer number	03

2025-05-15 15:19:25,115 - cp_data_processor.readers.dcp_reader - DEBUG - 使用分隔符 '	' 从R2C2提取到LotID: E001042.00-EPTSTE02-250321-074820@CP
2025-05-15 15:19:25,115 - cp_data_processor.readers.dcp_reader - DEBUG - 使用分隔符 '	' 从R3C2提取到WaferID: 03
2025-05-15 15:19:25,116 - cp_data_processor.readers.dcp_reader - INFO - 开始处理文件: E001042.00-EPTSTE02-250321-074820@CP_003.TXT
2025-05-15 15:19:25,116 - cp_data_processor.readers.dcp_reader - INFO - 成功使用 utf-8 解码
2025-05-15 15:19:25,116 - cp_data_processor.readers.dcp_reader - DEBUG - 表头行: No.U	X	Y	Bin	CONT@D	CONT@G	CONT@S	 IGSS1	 IGSSR1	BVDSS1	BVDSS2	BV2-BV1	 IDSS1	 VTH1	 IDSS2	RDSON	VFS...
2025-05-15 15:19:25,116 - cp_data_processor.readers.dcp_reader - DEBUG - 数据行 1: 6	16	5	1	1.30000E-002	1.03000E-002	6.90000E-003	2.14020E-009	2.99700E-010	6.76181E+002	6.85852E+002	...
2025-05-15 15:19:25,116 - cp_data_processor.readers.dcp_reader - DEBUG - 数据行 2: 10	18	5	1	1.26000E-002	1.01000E-002	6.60000E-003	1.34880E-009	8.10200E-010	6.74543E+002	6.84545E+002...
2025-05-15 15:19:25,117 - cp_data_processor.readers.dcp_reader - DEBUG - 数据行 3: 15	23	7	1	1.27000E-002	1.02000E-002	6.70000E-003	1.59460E-009	2.36500E-010	7.00681E+002	7.10716E+002...
2025-05-15 15:19:25,119 - cp_data_processor.readers.dcp_reader - INFO - 成功读取数据，形状: (442, 19)
2025-05-15 15:19:25,120 - cp_data_processor.readers.dcp_reader - INFO - 成功添加晶圆 03，包含 442 个芯片数据
2025-05-15 15:19:25,156 - __main__ - INFO - 已应用iqr方法处理异常值
2025-05-15 15:19:25,225 - __main__ - INFO - 原始数据已保存到: .\output\FA53-5465-305A-250303@203_20250515_151925.csv
2025-05-15 15:19:25,347 - __main__ - INFO - 清洗后的数据已保存到: FA53-5465-305A-250303@203_20250515_151925_cleaned_20250515_151925.csv
