2025-05-27 09:33:30,910 - __main__ - INFO - 开始处理目录: D:\cp_data_ansys\data
2025-05-27 09:33:30,920 - __main__ - INFO - 找到DCP文件: FA53-5465-305A-250303@203_001.TXT
2025-05-27 09:33:30,921 - __main__ - INFO - 找到DCP文件: FA53-5465-305A-250303@203_002.TXT
2025-05-27 09:33:30,922 - __main__ - INFO - 找到DCP文件: FA53-5465-305A-250303@203_003.TXT
2025-05-27 09:33:30,922 - __main__ - INFO - 找到DCP文件: FA53-5465-305A-250303@203_004.TXT
2025-05-27 09:33:30,923 - __main__ - INFO - 找到DCP文件: FA53-5465-305A-250303@203_005.TXT
2025-05-27 09:33:30,924 - __main__ - INFO - 找到DCP文件: FA53-5465-305A-250303@203_006.TXT
2025-05-27 09:33:30,925 - __main__ - INFO - 找到DCP文件: FA53-5465-305A-250303@203_007.TXT
2025-05-27 09:33:30,926 - __main__ - INFO - 找到DCP文件: FA53-5465-305A-250303@203_008.TXT
2025-05-27 09:33:30,926 - __main__ - INFO - 找到DCP文件: FA53-5465-305A-250303@203_009.TXT
2025-05-27 09:33:30,927 - __main__ - INFO - 找到DCP文件: FA53-5465-305A-250303@203_010.TXT
2025-05-27 09:33:30,928 - __main__ - INFO - 找到DCP文件: FA53-5465-305A-250303@203_011.TXT
2025-05-27 09:33:30,928 - __main__ - INFO - 找到DCP文件: FA53-5465-305A-250303@203_012.TXT
2025-05-27 09:33:30,929 - __main__ - INFO - 找到DCP文件: FA53-5465-305A-250303@203_013.TXT
2025-05-27 09:33:30,930 - __main__ - INFO - 找到DCP文件: FA53-5465-305A-250303@203_014.TXT
2025-05-27 09:33:30,930 - __main__ - INFO - 找到DCP文件: FA53-5465-305A-250303@203_015.TXT
2025-05-27 09:33:30,932 - __main__ - INFO - 找到DCP文件: FA53-5465-305A-250303@203_016.TXT
2025-05-27 09:33:30,932 - __main__ - INFO - 找到DCP文件: FA53-5465-305A-250303@203_017.TXT
2025-05-27 09:33:30,933 - __main__ - INFO - 找到DCP文件: FA53-5465-305A-250303@203_018.TXT
2025-05-27 09:33:30,934 - __main__ - INFO - 找到DCP文件: FA53-5465-305A-250303@203_019.TXT
2025-05-27 09:33:30,934 - __main__ - INFO - 找到DCP文件: FA53-5465-305A-250303@203_020.TXT
2025-05-27 09:33:30,935 - __main__ - INFO - 找到DCP文件: FA53-5465-305A-250303@203_021.TXT
2025-05-27 09:33:30,936 - __main__ - INFO - 找到DCP文件: FA53-5465-305A-250303@203_022.TXT
2025-05-27 09:33:30,937 - __main__ - INFO - 找到DCP文件: FA53-5465-305A-250303@203_023.TXT
2025-05-27 09:33:30,937 - __main__ - INFO - 找到DCP文件: FA53-5465-305A-250303@203_024.TXT
2025-05-27 09:33:30,938 - __main__ - INFO - 找到DCP文件: FA53-5465-305A-250303@203_025.TXT
2025-05-27 09:33:30,938 - __main__ - INFO - 找到 25 个DCP文件: D:\cp_data_ansys\data\FA53-5465-305A-250303@203_001\FA53-5465-305A-250303@203_001.TXT, D:\cp_data_ansys\data\FA53-5465-305A-250303@203_001\FA53-5465-305A-250303@203_002.TXT, D:\cp_data_ansys\data\FA53-5465-305A-250303@203_001\FA53-5465-305A-250303@203_003.TXT, D:\cp_data_ansys\data\FA53-5465-305A-250303@203_001\FA53-5465-305A-250303@203_004.TXT, D:\cp_data_ansys\data\FA53-5465-305A-250303@203_001\FA53-5465-305A-250303@203_005.TXT, D:\cp_data_ansys\data\FA53-5465-305A-250303@203_001\FA53-5465-305A-250303@203_006.TXT, D:\cp_data_ansys\data\FA53-5465-305A-250303@203_001\FA53-5465-305A-250303@203_007.TXT, D:\cp_data_ansys\data\FA53-5465-305A-250303@203_001\FA53-5465-305A-250303@203_008.TXT, D:\cp_data_ansys\data\FA53-5465-305A-250303@203_001\FA53-5465-305A-250303@203_009.TXT, D:\cp_data_ansys\data\FA53-5465-305A-250303@203_001\FA53-5465-305A-250303@203_010.TXT, D:\cp_data_ansys\data\FA53-5465-305A-250303@203_001\FA53-5465-305A-250303@203_011.TXT, D:\cp_data_ansys\data\FA53-5465-305A-250303@203_001\FA53-5465-305A-250303@203_012.TXT, D:\cp_data_ansys\data\FA53-5465-305A-250303@203_001\FA53-5465-305A-250303@203_013.TXT, D:\cp_data_ansys\data\FA53-5465-305A-250303@203_001\FA53-5465-305A-250303@203_014.TXT, D:\cp_data_ansys\data\FA53-5465-305A-250303@203_001\FA53-5465-305A-250303@203_015.TXT, D:\cp_data_ansys\data\FA53-5465-305A-250303@203_001\FA53-5465-305A-250303@203_016.TXT, D:\cp_data_ansys\data\FA53-5465-305A-250303@203_001\FA53-5465-305A-250303@203_017.TXT, D:\cp_data_ansys\data\FA53-5465-305A-250303@203_001\FA53-5465-305A-250303@203_018.TXT, D:\cp_data_ansys\data\FA53-5465-305A-250303@203_001\FA53-5465-305A-250303@203_019.TXT, D:\cp_data_ansys\data\FA53-5465-305A-250303@203_001\FA53-5465-305A-250303@203_020.TXT, D:\cp_data_ansys\data\FA53-5465-305A-250303@203_001\FA53-5465-305A-250303@203_021.TXT, D:\cp_data_ansys\data\FA53-5465-305A-250303@203_001\FA53-5465-305A-250303@203_022.TXT, D:\cp_data_ansys\data\FA53-5465-305A-250303@203_001\FA53-5465-305A-250303@203_023.TXT, D:\cp_data_ansys\data\FA53-5465-305A-250303@203_001\FA53-5465-305A-250303@203_024.TXT, D:\cp_data_ansys\data\FA53-5465-305A-250303@203_001\FA53-5465-305A-250303@203_025.TXT
2025-05-27 09:33:30,939 - cp_data_processor.readers.dcp_reader - DEBUG - 文件的前三行内容：
2025-05-27 09:33:30,939 - cp_data_processor.readers.dcp_reader - DEBUG - 行 1: Program name	ME58Y81_G0GC2AD.jtf																

2025-05-27 09:33:30,939 - cp_data_processor.readers.dcp_reader - DEBUG - 行 2: Lot number	FA53-5465-305A-250303@203																

2025-05-27 09:33:30,940 - cp_data_processor.readers.dcp_reader - DEBUG - 行 3: Wafer number	1																

2025-05-27 09:33:30,940 - cp_data_processor.readers.dcp_reader - DEBUG - 使用分隔符 '	' 从R2C2提取到LotID: FA53-5465-305A-250303@203
2025-05-27 09:33:30,940 - cp_data_processor.readers.dcp_reader - DEBUG - 使用分隔符 '	' 从R3C2提取到WaferID: 1
2025-05-27 09:33:30,941 - cp_data_processor.readers.dcp_reader - INFO - 开始处理文件: FA53-5465-305A-250303@203_001.TXT
2025-05-27 09:33:30,941 - cp_data_processor.readers.dcp_reader - INFO - 成功使用 utf-8 解码
2025-05-27 09:33:30,942 - cp_data_processor.readers.dcp_reader - DEBUG - 表头行: No.U	X	Y	Bin	CONT	IGSS0	IGSS1	IGSSR1	BVDSS1	BVDSS2	DELTABV	IDSS1	VTH	RDSON1	VFSDS	IGSS2	IGSSR2	IDSS2...
2025-05-27 09:33:30,942 - cp_data_processor.readers.dcp_reader - DEBUG - 数据行 1: 1	41	5	1	0.00E+00	0.00E+00	5.51E-07	6.35E-07	7.17E+02	7.32E+02	1.46E+01	1.20E-08	3.43E+00	3.11E-01	7...
2025-05-27 09:33:30,942 - cp_data_processor.readers.dcp_reader - DEBUG - 数据行 2: 2	47	5	9	0.00E+00	0.00E+00	6.13E-07	6.05E-07	6.68E+02	7.08E+02	3.94E+01	999.9						...
2025-05-27 09:33:30,942 - cp_data_processor.readers.dcp_reader - DEBUG - 数据行 3: 3	53	5	3	0.00E+00	99.99												...
2025-05-27 09:33:30,949 - cp_data_processor.readers.dcp_reader - INFO - 成功使用 sep='\s+' 读取数据，形状: (169, 18)
2025-05-27 09:33:30,950 - cp_data_processor.readers.dcp_reader - INFO - 成功读取数据，形状: (169, 18)
2025-05-27 09:33:30,952 - cp_data_processor.readers.dcp_reader - INFO - 从文件提取了 15 个参数信息
2025-05-27 09:33:30,953 - cp_data_processor.readers.dcp_reader - INFO - 成功添加晶圆 1，包含 169 个芯片数据
2025-05-27 09:33:30,954 - cp_data_processor.readers.dcp_reader - DEBUG - 文件的前三行内容：
2025-05-27 09:33:30,954 - cp_data_processor.readers.dcp_reader - DEBUG - 行 1: Program name	ME58Y81_G0GC2AD.jtf

2025-05-27 09:33:30,955 - cp_data_processor.readers.dcp_reader - DEBUG - 行 2: Lot number	FA53-5465-305A-250303@203

2025-05-27 09:33:30,955 - cp_data_processor.readers.dcp_reader - DEBUG - 行 3: Wafer number	2

2025-05-27 09:33:30,955 - cp_data_processor.readers.dcp_reader - DEBUG - 使用分隔符 '	' 从R2C2提取到LotID: FA53-5465-305A-250303@203
2025-05-27 09:33:30,955 - cp_data_processor.readers.dcp_reader - DEBUG - 使用分隔符 '	' 从R3C2提取到WaferID: 2
2025-05-27 09:33:30,955 - cp_data_processor.readers.dcp_reader - INFO - 开始处理文件: FA53-5465-305A-250303@203_002.TXT
2025-05-27 09:33:30,956 - cp_data_processor.readers.dcp_reader - INFO - 成功使用 utf-8 解码
2025-05-27 09:33:30,956 - cp_data_processor.readers.dcp_reader - DEBUG - 表头行: No.U	X	Y	Bin	CONT	IGSS0	IGSS1	IGSSR1	BVDSS1	BVDSS2	DELTABV	IDSS1	VTH	RDSON1	VFSDS	IGSS2	IGSSR2	IDSS2...
2025-05-27 09:33:30,957 - cp_data_processor.readers.dcp_reader - DEBUG - 数据行 1: 1	41	5	1	0.000E+00	0.000E+00	5.360E-07	4.760E-07	7.246E+02	7.322E+02	7.600E+00	1.140E-08	3.437E+00	3...
2025-05-27 09:33:30,957 - cp_data_processor.readers.dcp_reader - DEBUG - 数据行 2: 2	47	5	1	0.000E+00	0.000E+00	4.790E-07	4.760E-07	7.104E+02	7.244E+02	1.400E+01	1.010E-08	3.384E+00	3...
2025-05-27 09:33:30,958 - cp_data_processor.readers.dcp_reader - DEBUG - 数据行 3: 3	53	5	1	0.000E+00	0.000E+00	3.970E-07	4.360E-07	7.270E+02	7.339E+02	6.900E+00	1.040E-08	3.274E+00	3...
2025-05-27 09:33:30,962 - cp_data_processor.readers.dcp_reader - INFO - 成功使用 sep='\s+' 读取数据，形状: (169, 18)
2025-05-27 09:33:30,962 - cp_data_processor.readers.dcp_reader - INFO - 成功读取数据，形状: (169, 18)
2025-05-27 09:33:30,964 - cp_data_processor.readers.dcp_reader - INFO - 成功添加晶圆 2，包含 169 个芯片数据
2025-05-27 09:33:30,965 - cp_data_processor.readers.dcp_reader - DEBUG - 文件的前三行内容：
2025-05-27 09:33:30,965 - cp_data_processor.readers.dcp_reader - DEBUG - 行 1: Program name	ME58Y81_G0GC2AD.jtf

2025-05-27 09:33:30,965 - cp_data_processor.readers.dcp_reader - DEBUG - 行 2: Lot number	FA53-5465-305A-250303@203

2025-05-27 09:33:30,965 - cp_data_processor.readers.dcp_reader - DEBUG - 行 3: Wafer number	3

2025-05-27 09:33:30,965 - cp_data_processor.readers.dcp_reader - DEBUG - 使用分隔符 '	' 从R2C2提取到LotID: FA53-5465-305A-250303@203
2025-05-27 09:33:30,966 - cp_data_processor.readers.dcp_reader - DEBUG - 使用分隔符 '	' 从R3C2提取到WaferID: 3
2025-05-27 09:33:30,966 - cp_data_processor.readers.dcp_reader - INFO - 开始处理文件: FA53-5465-305A-250303@203_003.TXT
2025-05-27 09:33:30,966 - cp_data_processor.readers.dcp_reader - INFO - 成功使用 utf-8 解码
2025-05-27 09:33:30,966 - cp_data_processor.readers.dcp_reader - DEBUG - 表头行: No.U	X	Y	Bin	CONT	IGSS0	IGSS1	IGSSR1	BVDSS1	BVDSS2	DELTABV	IDSS1	VTH	RDSON1	VFSDS	IGSS2	IGSSR2	IDSS2...
2025-05-27 09:33:30,967 - cp_data_processor.readers.dcp_reader - DEBUG - 数据行 1: 1	41	5	1	0.000E+00	0.000E+00	6.030E-07	5.570E-07	7.481E+02	7.554E+02	7.300E+00	1.110E-08	3.406E+00	3...
2025-05-27 09:33:30,967 - cp_data_processor.readers.dcp_reader - DEBUG - 数据行 2: 2	47	5	1	0.000E+00	0.000E+00	5.270E-07	5.680E-07	7.374E+02	7.495E+02	1.210E+01	1.030E-08	3.381E+00	3...
2025-05-27 09:33:30,967 - cp_data_processor.readers.dcp_reader - DEBUG - 数据行 3: 3	53	5	1	0.000E+00	0.000E+00	5.350E-07	6.490E-07	7.352E+02	7.441E+02	8.900E+00	1.040E-08	3.272E+00	3...
2025-05-27 09:33:30,971 - cp_data_processor.readers.dcp_reader - INFO - 成功使用 sep='\s+' 读取数据，形状: (169, 18)
2025-05-27 09:33:30,972 - cp_data_processor.readers.dcp_reader - INFO - 成功读取数据，形状: (169, 18)
2025-05-27 09:33:30,974 - cp_data_processor.readers.dcp_reader - INFO - 成功添加晶圆 3，包含 169 个芯片数据
2025-05-27 09:33:30,975 - cp_data_processor.readers.dcp_reader - DEBUG - 文件的前三行内容：
2025-05-27 09:33:30,975 - cp_data_processor.readers.dcp_reader - DEBUG - 行 1: Program name	ME58Y81_G0GC2AD.jtf

2025-05-27 09:33:30,975 - cp_data_processor.readers.dcp_reader - DEBUG - 行 2: Lot number	FA53-5465-305A-250303@203

2025-05-27 09:33:30,975 - cp_data_processor.readers.dcp_reader - DEBUG - 行 3: Wafer number	4

2025-05-27 09:33:30,975 - cp_data_processor.readers.dcp_reader - DEBUG - 使用分隔符 '	' 从R2C2提取到LotID: FA53-5465-305A-250303@203
2025-05-27 09:33:30,976 - cp_data_processor.readers.dcp_reader - DEBUG - 使用分隔符 '	' 从R3C2提取到WaferID: 4
2025-05-27 09:33:30,976 - cp_data_processor.readers.dcp_reader - INFO - 开始处理文件: FA53-5465-305A-250303@203_004.TXT
2025-05-27 09:33:30,976 - cp_data_processor.readers.dcp_reader - INFO - 成功使用 utf-8 解码
2025-05-27 09:33:30,976 - cp_data_processor.readers.dcp_reader - DEBUG - 表头行: No.U	X	Y	Bin	CONT	IGSS0	IGSS1	IGSSR1	BVDSS1	BVDSS2	DELTABV	IDSS1	VTH	RDSON1	VFSDS	IGSS2	IGSSR2	IDSS2...
2025-05-27 09:33:30,977 - cp_data_processor.readers.dcp_reader - DEBUG - 数据行 1: 1	41	5	1	0.000E+00	0.000E+00	4.540E-07	5.540E-07	7.303E+02	7.409E+02	1.060E+01	1.030E-08	3.464E+00	3...
2025-05-27 09:33:30,977 - cp_data_processor.readers.dcp_reader - DEBUG - 数据行 2: 2	47	5	1	0.000E+00	0.000E+00	6.290E-07	7.850E-07	7.325E+02	7.437E+02	1.120E+01	9.000E-09	3.408E+00	3...
2025-05-27 09:33:30,977 - cp_data_processor.readers.dcp_reader - DEBUG - 数据行 3: 3	53	5	1	0.000E+00	0.000E+00	4.350E-07	5.090E-07	7.456E+02	7.512E+02	5.600E+00	1.000E-08	3.309E+00	3...
2025-05-27 09:33:30,980 - cp_data_processor.readers.dcp_reader - INFO - 成功使用 sep='\s+' 读取数据，形状: (169, 18)
2025-05-27 09:33:30,981 - cp_data_processor.readers.dcp_reader - INFO - 成功读取数据，形状: (169, 18)
2025-05-27 09:33:30,983 - cp_data_processor.readers.dcp_reader - INFO - 成功添加晶圆 4，包含 169 个芯片数据
2025-05-27 09:33:30,983 - cp_data_processor.readers.dcp_reader - DEBUG - 文件的前三行内容：
2025-05-27 09:33:30,984 - cp_data_processor.readers.dcp_reader - DEBUG - 行 1: Program name	ME58Y81_G0GC2AD.jtf

2025-05-27 09:33:30,984 - cp_data_processor.readers.dcp_reader - DEBUG - 行 2: Lot number	FA53-5465-305A-250303@203

2025-05-27 09:33:30,984 - cp_data_processor.readers.dcp_reader - DEBUG - 行 3: Wafer number	5

2025-05-27 09:33:30,985 - cp_data_processor.readers.dcp_reader - DEBUG - 使用分隔符 '	' 从R2C2提取到LotID: FA53-5465-305A-250303@203
2025-05-27 09:33:30,985 - cp_data_processor.readers.dcp_reader - DEBUG - 使用分隔符 '	' 从R3C2提取到WaferID: 5
2025-05-27 09:33:30,985 - cp_data_processor.readers.dcp_reader - INFO - 开始处理文件: FA53-5465-305A-250303@203_005.TXT
2025-05-27 09:33:30,986 - cp_data_processor.readers.dcp_reader - INFO - 成功使用 utf-8 解码
2025-05-27 09:33:30,986 - cp_data_processor.readers.dcp_reader - DEBUG - 表头行: No.U	X	Y	Bin	CONT	IGSS0	IGSS1	IGSSR1	BVDSS1	BVDSS2	DELTABV	IDSS1	VTH	RDSON1	VFSDS	IGSS2	IGSSR2	IDSS2...
2025-05-27 09:33:30,986 - cp_data_processor.readers.dcp_reader - DEBUG - 数据行 1: 1	41	5	1	0.000E+00	0.000E+00	5.270E-07	5.820E-07	7.337E+02	7.434E+02	9.700E+00	1.020E-08	3.420E+00	3...
2025-05-27 09:33:30,987 - cp_data_processor.readers.dcp_reader - DEBUG - 数据行 2: 2	47	5	1	0.000E+00	0.000E+00	5.300E-07	6.620E-07	7.223E+02	7.393E+02	1.700E+01	1.000E-08	3.392E+00	3...
2025-05-27 09:33:30,987 - cp_data_processor.readers.dcp_reader - DEBUG - 数据行 3: 3	53	5	1	0.000E+00	0.000E+00	5.210E-07	5.880E-07	7.301E+02	7.407E+02	1.060E+01	1.290E-08	3.298E+00	3...
2025-05-27 09:33:30,992 - cp_data_processor.readers.dcp_reader - INFO - 成功使用 sep='\s+' 读取数据，形状: (169, 18)
2025-05-27 09:33:30,992 - cp_data_processor.readers.dcp_reader - INFO - 成功读取数据，形状: (169, 18)
2025-05-27 09:33:30,994 - cp_data_processor.readers.dcp_reader - INFO - 成功添加晶圆 5，包含 169 个芯片数据
2025-05-27 09:33:30,995 - cp_data_processor.readers.dcp_reader - DEBUG - 文件的前三行内容：
2025-05-27 09:33:30,995 - cp_data_processor.readers.dcp_reader - DEBUG - 行 1: Program name	ME58Y81_G0GC2AD.jtf

2025-05-27 09:33:30,995 - cp_data_processor.readers.dcp_reader - DEBUG - 行 2: Lot number	FA53-5465-305A-250303@203

2025-05-27 09:33:30,995 - cp_data_processor.readers.dcp_reader - DEBUG - 行 3: Wafer number	6

2025-05-27 09:33:30,995 - cp_data_processor.readers.dcp_reader - DEBUG - 使用分隔符 '	' 从R2C2提取到LotID: FA53-5465-305A-250303@203
2025-05-27 09:33:30,996 - cp_data_processor.readers.dcp_reader - DEBUG - 使用分隔符 '	' 从R3C2提取到WaferID: 6
2025-05-27 09:33:30,996 - cp_data_processor.readers.dcp_reader - INFO - 开始处理文件: FA53-5465-305A-250303@203_006.TXT
2025-05-27 09:33:30,996 - cp_data_processor.readers.dcp_reader - INFO - 成功使用 utf-8 解码
2025-05-27 09:33:30,996 - cp_data_processor.readers.dcp_reader - DEBUG - 表头行: No.U	X	Y	Bin	CONT	IGSS0	IGSS1	IGSSR1	BVDSS1	BVDSS2	DELTABV	IDSS1	VTH	RDSON1	VFSDS	IGSS2	IGSSR2	IDSS2...
2025-05-27 09:33:30,997 - cp_data_processor.readers.dcp_reader - DEBUG - 数据行 1: 1	41	5	1	0.000E+00	0.000E+00	3.790E-07	5.150E-07	7.382E+02	7.425E+02	4.300E+00	8.600E-09	3.464E+00	3...
2025-05-27 09:33:30,997 - cp_data_processor.readers.dcp_reader - DEBUG - 数据行 2: 2	47	5	1	0.000E+00	1.000E-08	4.660E-07	4.570E-07	7.319E+02	7.375E+02	5.600E+00	8.600E-09	3.395E+00	3...
2025-05-27 09:33:30,997 - cp_data_processor.readers.dcp_reader - DEBUG - 数据行 3: 3	53	5	3	0.000E+00	99.99													...
2025-05-27 09:33:31,002 - cp_data_processor.readers.dcp_reader - INFO - 成功使用 sep='\s+' 读取数据，形状: (169, 18)
2025-05-27 09:33:31,003 - cp_data_processor.readers.dcp_reader - INFO - 成功读取数据，形状: (169, 18)
2025-05-27 09:33:31,005 - cp_data_processor.readers.dcp_reader - INFO - 成功添加晶圆 6，包含 169 个芯片数据
2025-05-27 09:33:31,005 - cp_data_processor.readers.dcp_reader - DEBUG - 文件的前三行内容：
2025-05-27 09:33:31,006 - cp_data_processor.readers.dcp_reader - DEBUG - 行 1: Program name	ME58Y81_G0GC2AD.jtf

2025-05-27 09:33:31,006 - cp_data_processor.readers.dcp_reader - DEBUG - 行 2: Lot number	FA53-5465-305A-250303@203

2025-05-27 09:33:31,006 - cp_data_processor.readers.dcp_reader - DEBUG - 行 3: Wafer number	7

2025-05-27 09:33:31,006 - cp_data_processor.readers.dcp_reader - DEBUG - 使用分隔符 '	' 从R2C2提取到LotID: FA53-5465-305A-250303@203
2025-05-27 09:33:31,007 - cp_data_processor.readers.dcp_reader - DEBUG - 使用分隔符 '	' 从R3C2提取到WaferID: 7
2025-05-27 09:33:31,007 - cp_data_processor.readers.dcp_reader - INFO - 开始处理文件: FA53-5465-305A-250303@203_007.TXT
2025-05-27 09:33:31,007 - cp_data_processor.readers.dcp_reader - INFO - 成功使用 utf-8 解码
2025-05-27 09:33:31,007 - cp_data_processor.readers.dcp_reader - DEBUG - 表头行: No.U	X	Y	Bin	CONT	IGSS0	IGSS1	IGSSR1	BVDSS1	BVDSS2	DELTABV	IDSS1	VTH	RDSON1	VFSDS	IGSS2	IGSSR2	IDSS2...
2025-05-27 09:33:31,008 - cp_data_processor.readers.dcp_reader - DEBUG - 数据行 1: 1	41	5	1	0.000E+00	0.000E+00	5.340E-07	5.850E-07	7.272E+02	7.420E+02	1.480E+01	8.200E-09	3.467E+00	3...
2025-05-27 09:33:31,008 - cp_data_processor.readers.dcp_reader - DEBUG - 数据行 2: 2	47	5	1	0.000E+00	0.000E+00	5.200E-07	5.860E-07	7.117E+02	7.361E+02	2.440E+01	8.600E-09	3.411E+00	3...
2025-05-27 09:33:31,008 - cp_data_processor.readers.dcp_reader - DEBUG - 数据行 3: 3	53	5	1	0.000E+00	0.000E+00	5.210E-07	5.970E-07	7.500E+02	7.556E+02	5.600E+00	8.300E-09	3.312E+00	3...
2025-05-27 09:33:31,012 - cp_data_processor.readers.dcp_reader - INFO - 成功使用 sep='\s+' 读取数据，形状: (169, 18)
2025-05-27 09:33:31,013 - cp_data_processor.readers.dcp_reader - INFO - 成功读取数据，形状: (169, 18)
2025-05-27 09:33:31,015 - cp_data_processor.readers.dcp_reader - INFO - 成功添加晶圆 7，包含 169 个芯片数据
2025-05-27 09:33:31,015 - cp_data_processor.readers.dcp_reader - DEBUG - 文件的前三行内容：
2025-05-27 09:33:31,016 - cp_data_processor.readers.dcp_reader - DEBUG - 行 1: Program name	ME58Y81_G0GC2AD.jtf

2025-05-27 09:33:31,016 - cp_data_processor.readers.dcp_reader - DEBUG - 行 2: Lot number	FA53-5465-305A-250303@203

2025-05-27 09:33:31,016 - cp_data_processor.readers.dcp_reader - DEBUG - 行 3: Wafer number	8

2025-05-27 09:33:31,017 - cp_data_processor.readers.dcp_reader - DEBUG - 使用分隔符 '	' 从R2C2提取到LotID: FA53-5465-305A-250303@203
2025-05-27 09:33:31,017 - cp_data_processor.readers.dcp_reader - DEBUG - 使用分隔符 '	' 从R3C2提取到WaferID: 8
2025-05-27 09:33:31,018 - cp_data_processor.readers.dcp_reader - INFO - 开始处理文件: FA53-5465-305A-250303@203_008.TXT
2025-05-27 09:33:31,018 - cp_data_processor.readers.dcp_reader - INFO - 成功使用 utf-8 解码
2025-05-27 09:33:31,018 - cp_data_processor.readers.dcp_reader - DEBUG - 表头行: No.U	X	Y	Bin	CONT	IGSS0	IGSS1	IGSSR1	BVDSS1	BVDSS2	DELTABV	IDSS1	VTH	RDSON1	VFSDS	IGSS2	IGSSR2	IDSS2...
2025-05-27 09:33:31,019 - cp_data_processor.readers.dcp_reader - DEBUG - 数据行 1: 1	41	5	1	0.000E+00	0.000E+00	3.940E-07	4.480E-07	7.321E+02	7.388E+02	6.700E+00	8.100E-09	3.446E+00	3...
2025-05-27 09:33:31,019 - cp_data_processor.readers.dcp_reader - DEBUG - 数据行 2: 2	47	5	1	0.000E+00	0.000E+00	4.000E-07	4.610E-07	7.240E+02	7.359E+02	1.190E+01	7.800E-09	3.398E+00	3...
2025-05-27 09:33:31,019 - cp_data_processor.readers.dcp_reader - DEBUG - 数据行 3: 3	53	5	1	0.000E+00	0.000E+00	3.860E-07	4.550E-07	7.349E+02	7.417E+02	6.800E+00	7.800E-09	3.285E+00	3...
2025-05-27 09:33:31,024 - cp_data_processor.readers.dcp_reader - INFO - 成功使用 sep='\s+' 读取数据，形状: (169, 18)
2025-05-27 09:33:31,025 - cp_data_processor.readers.dcp_reader - INFO - 成功读取数据，形状: (169, 18)
2025-05-27 09:33:31,026 - cp_data_processor.readers.dcp_reader - INFO - 成功添加晶圆 8，包含 169 个芯片数据
2025-05-27 09:33:31,027 - cp_data_processor.readers.dcp_reader - DEBUG - 文件的前三行内容：
2025-05-27 09:33:31,028 - cp_data_processor.readers.dcp_reader - DEBUG - 行 1: Program name	ME58Y81_G0GC2AD.jtf

2025-05-27 09:33:31,028 - cp_data_processor.readers.dcp_reader - DEBUG - 行 2: Lot number	FA53-5465-305A-250303@203

2025-05-27 09:33:31,028 - cp_data_processor.readers.dcp_reader - DEBUG - 行 3: Wafer number	9

2025-05-27 09:33:31,028 - cp_data_processor.readers.dcp_reader - DEBUG - 使用分隔符 '	' 从R2C2提取到LotID: FA53-5465-305A-250303@203
2025-05-27 09:33:31,028 - cp_data_processor.readers.dcp_reader - DEBUG - 使用分隔符 '	' 从R3C2提取到WaferID: 9
2025-05-27 09:33:31,029 - cp_data_processor.readers.dcp_reader - INFO - 开始处理文件: FA53-5465-305A-250303@203_009.TXT
2025-05-27 09:33:31,029 - cp_data_processor.readers.dcp_reader - INFO - 成功使用 utf-8 解码
2025-05-27 09:33:31,029 - cp_data_processor.readers.dcp_reader - DEBUG - 表头行: No.U	X	Y	Bin	CONT	IGSS0	IGSS1	IGSSR1	BVDSS1	BVDSS2	DELTABV	IDSS1	VTH	RDSON1	VFSDS	IGSS2	IGSSR2	IDSS2...
2025-05-27 09:33:31,029 - cp_data_processor.readers.dcp_reader - DEBUG - 数据行 1: 1	41	5	1	0.000E+00	0.000E+00	5.410E-07	6.240E-07	7.233E+02	7.371E+02	1.380E+01	1.370E-08	3.434E+00	3...
2025-05-27 09:33:31,029 - cp_data_processor.readers.dcp_reader - DEBUG - 数据行 2: 2	47	5	1	0.000E+00	0.000E+00	5.670E-07	6.520E-07	6.949E+02	7.243E+02	2.940E+01	1.380E-08	3.396E+00	3...
2025-05-27 09:33:31,030 - cp_data_processor.readers.dcp_reader - DEBUG - 数据行 3: 3	53	5	1	0.000E+00	0.000E+00	8.900E-07	9.890E-07	7.337E+02	7.445E+02	1.080E+01	1.260E-08	3.231E+00	3...
2025-05-27 09:33:31,033 - cp_data_processor.readers.dcp_reader - INFO - 成功使用 sep='\s+' 读取数据，形状: (169, 18)
2025-05-27 09:33:31,034 - cp_data_processor.readers.dcp_reader - INFO - 成功读取数据，形状: (169, 18)
2025-05-27 09:33:31,035 - cp_data_processor.readers.dcp_reader - INFO - 成功添加晶圆 9，包含 169 个芯片数据
2025-05-27 09:33:31,036 - cp_data_processor.readers.dcp_reader - DEBUG - 文件的前三行内容：
2025-05-27 09:33:31,037 - cp_data_processor.readers.dcp_reader - DEBUG - 行 1: Program name	ME58Y81_G0GC2AD.jtf

2025-05-27 09:33:31,037 - cp_data_processor.readers.dcp_reader - DEBUG - 行 2: Lot number	FA53-5465-305A-250303@203

2025-05-27 09:33:31,037 - cp_data_processor.readers.dcp_reader - DEBUG - 行 3: Wafer number	10

2025-05-27 09:33:31,037 - cp_data_processor.readers.dcp_reader - DEBUG - 使用分隔符 '	' 从R2C2提取到LotID: FA53-5465-305A-250303@203
2025-05-27 09:33:31,037 - cp_data_processor.readers.dcp_reader - DEBUG - 使用分隔符 '	' 从R3C2提取到WaferID: 10
2025-05-27 09:33:31,038 - cp_data_processor.readers.dcp_reader - INFO - 开始处理文件: FA53-5465-305A-250303@203_010.TXT
2025-05-27 09:33:31,038 - cp_data_processor.readers.dcp_reader - INFO - 成功使用 utf-8 解码
2025-05-27 09:33:31,038 - cp_data_processor.readers.dcp_reader - DEBUG - 表头行: No.U	X	Y	Bin	CONT	IGSS0	IGSS1	IGSSR1	BVDSS1	BVDSS2	DELTABV	IDSS1	VTH	RDSON1	VFSDS	IGSS2	IGSSR2	IDSS2...
2025-05-27 09:33:31,038 - cp_data_processor.readers.dcp_reader - DEBUG - 数据行 1: 1	41	5	1	0.000E+00	1.000E-08	3.990E-07	5.510E-07	7.415E+02	7.472E+02	5.700E+00	1.080E-08	3.449E+00	3...
2025-05-27 09:33:31,039 - cp_data_processor.readers.dcp_reader - DEBUG - 数据行 2: 2	47	5	1	0.000E+00	0.000E+00	4.430E-07	5.480E-07	7.412E+02	7.496E+02	8.400E+00	9.000E-09	3.400E+00	3...
2025-05-27 09:33:31,039 - cp_data_processor.readers.dcp_reader - DEBUG - 数据行 3: 3	53	5	1	0.000E+00	0.000E+00	6.240E-07	5.830E-07	7.479E+02	7.532E+02	5.300E+00	8.100E-09	3.295E+00	3...
2025-05-27 09:33:31,042 - cp_data_processor.readers.dcp_reader - INFO - 成功使用 sep='\s+' 读取数据，形状: (169, 18)
2025-05-27 09:33:31,043 - cp_data_processor.readers.dcp_reader - INFO - 成功读取数据，形状: (169, 18)
2025-05-27 09:33:31,044 - cp_data_processor.readers.dcp_reader - INFO - 成功添加晶圆 10，包含 169 个芯片数据
2025-05-27 09:33:31,045 - cp_data_processor.readers.dcp_reader - DEBUG - 文件的前三行内容：
2025-05-27 09:33:31,045 - cp_data_processor.readers.dcp_reader - DEBUG - 行 1: Program name	ME58Y81_G0GC2AD.jtf

2025-05-27 09:33:31,045 - cp_data_processor.readers.dcp_reader - DEBUG - 行 2: Lot number	FA53-5465-305A-250303@203

2025-05-27 09:33:31,046 - cp_data_processor.readers.dcp_reader - DEBUG - 行 3: Wafer number	11

2025-05-27 09:33:31,046 - cp_data_processor.readers.dcp_reader - DEBUG - 使用分隔符 '	' 从R2C2提取到LotID: FA53-5465-305A-250303@203
2025-05-27 09:33:31,047 - cp_data_processor.readers.dcp_reader - DEBUG - 使用分隔符 '	' 从R3C2提取到WaferID: 11
2025-05-27 09:33:31,047 - cp_data_processor.readers.dcp_reader - INFO - 开始处理文件: FA53-5465-305A-250303@203_011.TXT
2025-05-27 09:33:31,048 - cp_data_processor.readers.dcp_reader - INFO - 成功使用 utf-8 解码
2025-05-27 09:33:31,049 - cp_data_processor.readers.dcp_reader - DEBUG - 表头行: No.U	X	Y	Bin	CONT	IGSS0	IGSS1	IGSSR1	BVDSS1	BVDSS2	DELTABV	IDSS1	VTH	RDSON1	VFSDS	IGSS2	IGSSR2	IDSS2...
2025-05-27 09:33:31,049 - cp_data_processor.readers.dcp_reader - DEBUG - 数据行 1: 1	41	5	1	0.000E+00	0.000E+00	3.830E-07	6.630E-07	6.992E+02	7.264E+02	2.720E+01	9.100E-09	3.496E+00	3...
2025-05-27 09:33:31,049 - cp_data_processor.readers.dcp_reader - DEBUG - 数据行 2: 2	47	5	9	0.000E+00	1.000E-08	4.060E-07	4.590E-07	6.651E+02	6.984E+02	3.330E+01	999.9							...
2025-05-27 09:33:31,050 - cp_data_processor.readers.dcp_reader - DEBUG - 数据行 3: 3	53	5	1	0.000E+00	0.000E+00	4.020E-07	4.760E-07	7.111E+02	7.295E+02	1.840E+01	7.800E-09	3.308E+00	3...
2025-05-27 09:33:31,052 - cp_data_processor.readers.dcp_reader - INFO - 成功使用 sep='\s+' 读取数据，形状: (169, 18)
2025-05-27 09:33:31,053 - cp_data_processor.readers.dcp_reader - INFO - 成功读取数据，形状: (169, 18)
2025-05-27 09:33:31,054 - cp_data_processor.readers.dcp_reader - INFO - 成功添加晶圆 11，包含 169 个芯片数据
2025-05-27 09:33:31,055 - cp_data_processor.readers.dcp_reader - DEBUG - 文件的前三行内容：
2025-05-27 09:33:31,055 - cp_data_processor.readers.dcp_reader - DEBUG - 行 1: Program name	ME58Y81_G0GC2AD.jtf

2025-05-27 09:33:31,055 - cp_data_processor.readers.dcp_reader - DEBUG - 行 2: Lot number	FA53-5465-305A-250303@203

2025-05-27 09:33:31,056 - cp_data_processor.readers.dcp_reader - DEBUG - 行 3: Wafer number	12

2025-05-27 09:33:31,056 - cp_data_processor.readers.dcp_reader - DEBUG - 使用分隔符 '	' 从R2C2提取到LotID: FA53-5465-305A-250303@203
2025-05-27 09:33:31,056 - cp_data_processor.readers.dcp_reader - DEBUG - 使用分隔符 '	' 从R3C2提取到WaferID: 12
2025-05-27 09:33:31,057 - cp_data_processor.readers.dcp_reader - INFO - 开始处理文件: FA53-5465-305A-250303@203_012.TXT
2025-05-27 09:33:31,058 - cp_data_processor.readers.dcp_reader - INFO - 成功使用 utf-8 解码
2025-05-27 09:33:31,058 - cp_data_processor.readers.dcp_reader - DEBUG - 表头行: No.U	X	Y	Bin	CONT	IGSS0	IGSS1	IGSSR1	BVDSS1	BVDSS2	DELTABV	IDSS1	VTH	RDSON1	VFSDS	IGSS2	IGSSR2	IDSS2...
2025-05-27 09:33:31,058 - cp_data_processor.readers.dcp_reader - DEBUG - 数据行 1: 1	41	5	1	0.000E+00	0.000E+00	4.050E-07	4.460E-07	7.510E+02	7.540E+02	3.000E+00	1.730E-08	3.487E+00	3...
2025-05-27 09:33:31,059 - cp_data_processor.readers.dcp_reader - DEBUG - 数据行 2: 2	47	5	1	0.000E+00	0.000E+00	7.300E-07	4.440E-07	7.477E+02	7.518E+02	4.100E+00	1.030E-08	3.415E+00	3...
2025-05-27 09:33:31,059 - cp_data_processor.readers.dcp_reader - DEBUG - 数据行 3: 3	53	5	3	0.000E+00	99.99													...
2025-05-27 09:33:31,064 - cp_data_processor.readers.dcp_reader - INFO - 成功使用 sep='\s+' 读取数据，形状: (169, 18)
2025-05-27 09:33:31,065 - cp_data_processor.readers.dcp_reader - INFO - 成功读取数据，形状: (169, 18)
2025-05-27 09:33:31,066 - cp_data_processor.readers.dcp_reader - INFO - 成功添加晶圆 12，包含 169 个芯片数据
2025-05-27 09:33:31,067 - cp_data_processor.readers.dcp_reader - DEBUG - 文件的前三行内容：
2025-05-27 09:33:31,067 - cp_data_processor.readers.dcp_reader - DEBUG - 行 1: Program name	ME58Y81_G0GC2AD.jtf

2025-05-27 09:33:31,067 - cp_data_processor.readers.dcp_reader - DEBUG - 行 2: Lot number	FA53-5465-305A-250303@203

2025-05-27 09:33:31,067 - cp_data_processor.readers.dcp_reader - DEBUG - 行 3: Wafer number	13

2025-05-27 09:33:31,068 - cp_data_processor.readers.dcp_reader - DEBUG - 使用分隔符 '	' 从R2C2提取到LotID: FA53-5465-305A-250303@203
2025-05-27 09:33:31,068 - cp_data_processor.readers.dcp_reader - DEBUG - 使用分隔符 '	' 从R3C2提取到WaferID: 13
2025-05-27 09:33:31,068 - cp_data_processor.readers.dcp_reader - INFO - 开始处理文件: FA53-5465-305A-250303@203_013.TXT
2025-05-27 09:33:31,069 - cp_data_processor.readers.dcp_reader - INFO - 成功使用 utf-8 解码
2025-05-27 09:33:31,069 - cp_data_processor.readers.dcp_reader - DEBUG - 表头行: No.U	X	Y	Bin	CONT	IGSS0	IGSS1	IGSSR1	BVDSS1	BVDSS2	DELTABV	IDSS1	VTH	RDSON1	VFSDS	IGSS2	IGSSR2	IDSS2...
2025-05-27 09:33:31,070 - cp_data_processor.readers.dcp_reader - DEBUG - 数据行 1: 1	41	5	1	0.000E+00	0.000E+00	5.180E-07	5.960E-07	7.549E+02	7.595E+02	4.600E+00	9.600E-09	3.486E+00	3...
2025-05-27 09:33:31,070 - cp_data_processor.readers.dcp_reader - DEBUG - 数据行 2: 2	47	5	1	0.000E+00	0.000E+00	5.280E-07	6.280E-07	7.485E+02	7.584E+02	9.900E+00	1.160E-08	3.445E+00	3...
2025-05-27 09:33:31,070 - cp_data_processor.readers.dcp_reader - DEBUG - 数据行 3: 3	53	5	1	0.000E+00	0.000E+00	5.030E-07	7.500E-07	7.683E+02	7.704E+02	2.100E+00	9.400E-09	3.326E+00	3...
2025-05-27 09:33:31,073 - cp_data_processor.readers.dcp_reader - INFO - 成功使用 sep='\s+' 读取数据，形状: (169, 18)
2025-05-27 09:33:31,074 - cp_data_processor.readers.dcp_reader - INFO - 成功读取数据，形状: (169, 18)
2025-05-27 09:33:31,075 - cp_data_processor.readers.dcp_reader - INFO - 成功添加晶圆 13，包含 169 个芯片数据
2025-05-27 09:33:31,076 - cp_data_processor.readers.dcp_reader - DEBUG - 文件的前三行内容：
2025-05-27 09:33:31,076 - cp_data_processor.readers.dcp_reader - DEBUG - 行 1: Program name	ME58Y81_G0GC2AD.jtf

2025-05-27 09:33:31,076 - cp_data_processor.readers.dcp_reader - DEBUG - 行 2: Lot number	FA53-5465-305A-250303@203

2025-05-27 09:33:31,076 - cp_data_processor.readers.dcp_reader - DEBUG - 行 3: Wafer number	14

2025-05-27 09:33:31,076 - cp_data_processor.readers.dcp_reader - DEBUG - 使用分隔符 '	' 从R2C2提取到LotID: FA53-5465-305A-250303@203
2025-05-27 09:33:31,077 - cp_data_processor.readers.dcp_reader - DEBUG - 使用分隔符 '	' 从R3C2提取到WaferID: 14
2025-05-27 09:33:31,077 - cp_data_processor.readers.dcp_reader - INFO - 开始处理文件: FA53-5465-305A-250303@203_014.TXT
2025-05-27 09:33:31,077 - cp_data_processor.readers.dcp_reader - INFO - 成功使用 utf-8 解码
2025-05-27 09:33:31,077 - cp_data_processor.readers.dcp_reader - DEBUG - 表头行: No.U	X	Y	Bin	CONT	IGSS0	IGSS1	IGSSR1	BVDSS1	BVDSS2	DELTABV	IDSS1	VTH	RDSON1	VFSDS	IGSS2	IGSSR2	IDSS2...
2025-05-27 09:33:31,078 - cp_data_processor.readers.dcp_reader - DEBUG - 数据行 1: 1	41	5	3	0.000E+00	99.99													...
2025-05-27 09:33:31,078 - cp_data_processor.readers.dcp_reader - DEBUG - 数据行 2: 2	47	5	1	0.000E+00	0.000E+00	3.670E-07	4.450E-07	7.109E+02	7.204E+02	9.500E+00	9.700E-09	3.405E+00	3...
2025-05-27 09:33:31,078 - cp_data_processor.readers.dcp_reader - DEBUG - 数据行 3: 3	53	5	1	0.000E+00	0.000E+00	3.890E-07	4.900E-07	7.190E+02	7.253E+02	6.300E+00	9.800E-09	3.252E+00	3...
2025-05-27 09:33:31,082 - cp_data_processor.readers.dcp_reader - INFO - 成功使用 sep='\s+' 读取数据，形状: (169, 18)
2025-05-27 09:33:31,083 - cp_data_processor.readers.dcp_reader - INFO - 成功读取数据，形状: (169, 18)
2025-05-27 09:33:31,085 - cp_data_processor.readers.dcp_reader - INFO - 成功添加晶圆 14，包含 169 个芯片数据
2025-05-27 09:33:31,085 - cp_data_processor.readers.dcp_reader - DEBUG - 文件的前三行内容：
2025-05-27 09:33:31,085 - cp_data_processor.readers.dcp_reader - DEBUG - 行 1: Program name	ME58Y81_G0GC2AD.jtf

2025-05-27 09:33:31,086 - cp_data_processor.readers.dcp_reader - DEBUG - 行 2: Lot number	FA53-5465-305A-250303@203

2025-05-27 09:33:31,086 - cp_data_processor.readers.dcp_reader - DEBUG - 行 3: Wafer number	15

2025-05-27 09:33:31,086 - cp_data_processor.readers.dcp_reader - DEBUG - 使用分隔符 '	' 从R2C2提取到LotID: FA53-5465-305A-250303@203
2025-05-27 09:33:31,086 - cp_data_processor.readers.dcp_reader - DEBUG - 使用分隔符 '	' 从R3C2提取到WaferID: 15
2025-05-27 09:33:31,086 - cp_data_processor.readers.dcp_reader - INFO - 开始处理文件: FA53-5465-305A-250303@203_015.TXT
2025-05-27 09:33:31,087 - cp_data_processor.readers.dcp_reader - INFO - 成功使用 utf-8 解码
2025-05-27 09:33:31,087 - cp_data_processor.readers.dcp_reader - DEBUG - 表头行: No.U	X	Y	Bin	CONT	IGSS0	IGSS1	IGSSR1	BVDSS1	BVDSS2	DELTABV	IDSS1	VTH	RDSON1	VFSDS	IGSS2	IGSSR2	IDSS2...
2025-05-27 09:33:31,087 - cp_data_processor.readers.dcp_reader - DEBUG - 数据行 1: 1	41	5	1	0.000E+00	1.000E-08	5.380E-07	6.520E-07	7.505E+02	7.562E+02	5.700E+00	1.040E-08	3.467E+00	3...
2025-05-27 09:33:31,088 - cp_data_processor.readers.dcp_reader - DEBUG - 数据行 2: 2	47	5	1	0.000E+00	0.000E+00	4.980E-07	5.470E-07	7.332E+02	7.498E+02	1.660E+01	9.800E-09	3.415E+00	3...
2025-05-27 09:33:31,088 - cp_data_processor.readers.dcp_reader - DEBUG - 数据行 3: 3	53	5	1	0.000E+00	0.000E+00	9.360E-07	8.820E-07	7.521E+02	7.576E+02	5.500E+00	1.000E-08	3.304E+00	3...
2025-05-27 09:33:31,092 - cp_data_processor.readers.dcp_reader - INFO - 成功使用 sep='\s+' 读取数据，形状: (169, 18)
2025-05-27 09:33:31,093 - cp_data_processor.readers.dcp_reader - INFO - 成功读取数据，形状: (169, 18)
2025-05-27 09:33:31,095 - cp_data_processor.readers.dcp_reader - INFO - 成功添加晶圆 15，包含 169 个芯片数据
2025-05-27 09:33:31,096 - cp_data_processor.readers.dcp_reader - DEBUG - 文件的前三行内容：
2025-05-27 09:33:31,096 - cp_data_processor.readers.dcp_reader - DEBUG - 行 1: Program name	ME58Y81_G0GC2AD.jtf

2025-05-27 09:33:31,097 - cp_data_processor.readers.dcp_reader - DEBUG - 行 2: Lot number	FA53-5465-305A-250303@203

2025-05-27 09:33:31,097 - cp_data_processor.readers.dcp_reader - DEBUG - 行 3: Wafer number	16

2025-05-27 09:33:31,097 - cp_data_processor.readers.dcp_reader - DEBUG - 使用分隔符 '	' 从R2C2提取到LotID: FA53-5465-305A-250303@203
2025-05-27 09:33:31,098 - cp_data_processor.readers.dcp_reader - DEBUG - 使用分隔符 '	' 从R3C2提取到WaferID: 16
2025-05-27 09:33:31,098 - cp_data_processor.readers.dcp_reader - INFO - 开始处理文件: FA53-5465-305A-250303@203_016.TXT
2025-05-27 09:33:31,098 - cp_data_processor.readers.dcp_reader - INFO - 成功使用 utf-8 解码
2025-05-27 09:33:31,098 - cp_data_processor.readers.dcp_reader - DEBUG - 表头行: No.U	X	Y	Bin	CONT	IGSS0	IGSS1	IGSSR1	BVDSS1	BVDSS2	DELTABV	IDSS1	VTH	RDSON1	VFSDS	IGSS2	IGSSR2	IDSS2...
2025-05-27 09:33:31,099 - cp_data_processor.readers.dcp_reader - DEBUG - 数据行 1: 1	41	5	1	0.000E+00	0.000E+00	3.940E-07	7.500E-07	7.328E+02	7.405E+02	7.700E+00	1.040E-08	3.444E+00	3...
2025-05-27 09:33:31,099 - cp_data_processor.readers.dcp_reader - DEBUG - 数据行 2: 2	47	5	1	0.000E+00	0.000E+00	3.970E-07	4.600E-07	7.299E+02	7.388E+02	8.900E+00	9.100E-09	3.410E+00	3...
2025-05-27 09:33:31,099 - cp_data_processor.readers.dcp_reader - DEBUG - 数据行 3: 3	53	5	1	0.000E+00	0.000E+00	3.940E-07	5.660E-07	7.387E+02	7.452E+02	6.500E+00	1.050E-08	3.284E+00	3...
2025-05-27 09:33:31,103 - cp_data_processor.readers.dcp_reader - INFO - 成功使用 sep='\s+' 读取数据，形状: (169, 18)
2025-05-27 09:33:31,104 - cp_data_processor.readers.dcp_reader - INFO - 成功读取数据，形状: (169, 18)
2025-05-27 09:33:31,105 - cp_data_processor.readers.dcp_reader - INFO - 成功添加晶圆 16，包含 169 个芯片数据
2025-05-27 09:33:31,106 - cp_data_processor.readers.dcp_reader - DEBUG - 文件的前三行内容：
2025-05-27 09:33:31,106 - cp_data_processor.readers.dcp_reader - DEBUG - 行 1: Program name	ME58Y81_G0GC2AD.jtf

2025-05-27 09:33:31,107 - cp_data_processor.readers.dcp_reader - DEBUG - 行 2: Lot number	FA53-5465-305A-250303@203

2025-05-27 09:33:31,107 - cp_data_processor.readers.dcp_reader - DEBUG - 行 3: Wafer number	17

2025-05-27 09:33:31,107 - cp_data_processor.readers.dcp_reader - DEBUG - 使用分隔符 '	' 从R2C2提取到LotID: FA53-5465-305A-250303@203
2025-05-27 09:33:31,107 - cp_data_processor.readers.dcp_reader - DEBUG - 使用分隔符 '	' 从R3C2提取到WaferID: 17
2025-05-27 09:33:31,107 - cp_data_processor.readers.dcp_reader - INFO - 开始处理文件: FA53-5465-305A-250303@203_017.TXT
2025-05-27 09:33:31,108 - cp_data_processor.readers.dcp_reader - INFO - 成功使用 utf-8 解码
2025-05-27 09:33:31,108 - cp_data_processor.readers.dcp_reader - DEBUG - 表头行: No.U	X	Y	Bin	CONT	IGSS0	IGSS1	IGSSR1	BVDSS1	BVDSS2	DELTABV	IDSS1	VTH	RDSON1	VFSDS	IGSS2	IGSSR2	IDSS2...
2025-05-27 09:33:31,108 - cp_data_processor.readers.dcp_reader - DEBUG - 数据行 1: 1	41	5	1	0.000E+00	0.000E+00	4.610E-07	5.630E-07	7.315E+02	7.428E+02	1.130E+01	9.700E-09	3.474E+00	3...
2025-05-27 09:33:31,108 - cp_data_processor.readers.dcp_reader - DEBUG - 数据行 2: 2	47	5	1	0.000E+00	0.000E+00	4.680E-07	5.370E-07	7.079E+02	7.352E+02	2.730E+01	8.800E-09	3.420E+00	3...
2025-05-27 09:33:31,108 - cp_data_processor.readers.dcp_reader - DEBUG - 数据行 3: 3	53	5	1	0.000E+00	0.000E+00	6.750E-07	5.320E-07	7.392E+02	7.483E+02	9.100E+00	1.310E-08	3.289E+00	3...
2025-05-27 09:33:31,111 - cp_data_processor.readers.dcp_reader - INFO - 成功使用 sep='\s+' 读取数据，形状: (169, 18)
2025-05-27 09:33:31,112 - cp_data_processor.readers.dcp_reader - INFO - 成功读取数据，形状: (169, 18)
2025-05-27 09:33:31,114 - cp_data_processor.readers.dcp_reader - INFO - 成功添加晶圆 17，包含 169 个芯片数据
2025-05-27 09:33:31,115 - cp_data_processor.readers.dcp_reader - DEBUG - 文件的前三行内容：
2025-05-27 09:33:31,115 - cp_data_processor.readers.dcp_reader - DEBUG - 行 1: Program name	ME58Y81_G0GC2AD.jtf

2025-05-27 09:33:31,116 - cp_data_processor.readers.dcp_reader - DEBUG - 行 2: Lot number	FA53-5465-305A-250303@203

2025-05-27 09:33:31,116 - cp_data_processor.readers.dcp_reader - DEBUG - 行 3: Wafer number	18

2025-05-27 09:33:31,116 - cp_data_processor.readers.dcp_reader - DEBUG - 使用分隔符 '	' 从R2C2提取到LotID: FA53-5465-305A-250303@203
2025-05-27 09:33:31,117 - cp_data_processor.readers.dcp_reader - DEBUG - 使用分隔符 '	' 从R3C2提取到WaferID: 18
2025-05-27 09:33:31,117 - cp_data_processor.readers.dcp_reader - INFO - 开始处理文件: FA53-5465-305A-250303@203_018.TXT
2025-05-27 09:33:31,117 - cp_data_processor.readers.dcp_reader - INFO - 成功使用 utf-8 解码
2025-05-27 09:33:31,118 - cp_data_processor.readers.dcp_reader - DEBUG - 表头行: No.U	X	Y	Bin	CONT	IGSS0	IGSS1	IGSSR1	BVDSS1	BVDSS2	DELTABV	IDSS1	VTH	RDSON1	VFSDS	IGSS2	IGSSR2	IDSS2...
2025-05-27 09:33:31,118 - cp_data_processor.readers.dcp_reader - DEBUG - 数据行 1: 1	41	5	1	0.000E+00	0.000E+00	6.700E-07	4.500E-07	7.433E+02	7.470E+02	3.700E+00	8.500E-09	3.454E+00	3...
2025-05-27 09:33:31,119 - cp_data_processor.readers.dcp_reader - DEBUG - 数据行 2: 2	47	5	1	0.000E+00	0.000E+00	4.270E-07	4.730E-07	7.413E+02	7.478E+02	6.500E+00	8.100E-09	3.404E+00	3...
2025-05-27 09:33:31,119 - cp_data_processor.readers.dcp_reader - DEBUG - 数据行 3: 3	53	5	3	0.000E+00	99.99													...
2025-05-27 09:33:31,122 - cp_data_processor.readers.dcp_reader - INFO - 成功使用 sep='\s+' 读取数据，形状: (169, 18)
2025-05-27 09:33:31,122 - cp_data_processor.readers.dcp_reader - INFO - 成功读取数据，形状: (169, 18)
2025-05-27 09:33:31,123 - cp_data_processor.readers.dcp_reader - INFO - 成功添加晶圆 18，包含 169 个芯片数据
2025-05-27 09:33:31,124 - cp_data_processor.readers.dcp_reader - DEBUG - 文件的前三行内容：
2025-05-27 09:33:31,125 - cp_data_processor.readers.dcp_reader - DEBUG - 行 1: Program name	ME58Y81_G0GC2AD.jtf

2025-05-27 09:33:31,125 - cp_data_processor.readers.dcp_reader - DEBUG - 行 2: Lot number	FA53-5465-305A-250303@203

2025-05-27 09:33:31,125 - cp_data_processor.readers.dcp_reader - DEBUG - 行 3: Wafer number	19

2025-05-27 09:33:31,126 - cp_data_processor.readers.dcp_reader - DEBUG - 使用分隔符 '	' 从R2C2提取到LotID: FA53-5465-305A-250303@203
2025-05-27 09:33:31,126 - cp_data_processor.readers.dcp_reader - DEBUG - 使用分隔符 '	' 从R3C2提取到WaferID: 19
2025-05-27 09:33:31,127 - cp_data_processor.readers.dcp_reader - INFO - 开始处理文件: FA53-5465-305A-250303@203_019.TXT
2025-05-27 09:33:31,127 - cp_data_processor.readers.dcp_reader - INFO - 成功使用 utf-8 解码
2025-05-27 09:33:31,128 - cp_data_processor.readers.dcp_reader - DEBUG - 表头行: No.U	X	Y	Bin	CONT	IGSS0	IGSS1	IGSSR1	BVDSS1	BVDSS2	DELTABV	IDSS1	VTH	RDSON1	VFSDS	IGSS2	IGSSR2	IDSS2...
2025-05-27 09:33:31,128 - cp_data_processor.readers.dcp_reader - DEBUG - 数据行 1: 1	41	5	6	0.000E+00	0.000E+00	5.450E-07	6.110E-07	6.570E+02										...
2025-05-27 09:33:31,128 - cp_data_processor.readers.dcp_reader - DEBUG - 数据行 2: 2	47	5	6	0.000E+00	0.000E+00	7.940E-07	6.470E-07	6.157E+02										...
2025-05-27 09:33:31,129 - cp_data_processor.readers.dcp_reader - DEBUG - 数据行 3: 3	53	5	1	0.000E+00	0.000E+00	5.680E-07	7.070E-07	6.944E+02	7.317E+02	3.730E+01	1.120E-08	3.263E+00	3...
2025-05-27 09:33:31,131 - cp_data_processor.readers.dcp_reader - INFO - 成功使用 sep='\s+' 读取数据，形状: (169, 18)
2025-05-27 09:33:31,132 - cp_data_processor.readers.dcp_reader - INFO - 成功读取数据，形状: (169, 18)
2025-05-27 09:33:31,134 - cp_data_processor.readers.dcp_reader - INFO - 成功添加晶圆 19，包含 169 个芯片数据
2025-05-27 09:33:31,134 - cp_data_processor.readers.dcp_reader - DEBUG - 文件的前三行内容：
2025-05-27 09:33:31,134 - cp_data_processor.readers.dcp_reader - DEBUG - 行 1: Program name	ME58Y81_G0GC2AD.jtf

2025-05-27 09:33:31,135 - cp_data_processor.readers.dcp_reader - DEBUG - 行 2: Lot number	FA53-5465-305A-250303@203

2025-05-27 09:33:31,135 - cp_data_processor.readers.dcp_reader - DEBUG - 行 3: Wafer number	20

2025-05-27 09:33:31,135 - cp_data_processor.readers.dcp_reader - DEBUG - 使用分隔符 '	' 从R2C2提取到LotID: FA53-5465-305A-250303@203
2025-05-27 09:33:31,135 - cp_data_processor.readers.dcp_reader - DEBUG - 使用分隔符 '	' 从R3C2提取到WaferID: 20
2025-05-27 09:33:31,136 - cp_data_processor.readers.dcp_reader - INFO - 开始处理文件: FA53-5465-305A-250303@203_020.TXT
2025-05-27 09:33:31,136 - cp_data_processor.readers.dcp_reader - INFO - 成功使用 utf-8 解码
2025-05-27 09:33:31,137 - cp_data_processor.readers.dcp_reader - DEBUG - 表头行: No.U	X	Y	Bin	CONT	IGSS0	IGSS1	IGSSR1	BVDSS1	BVDSS2	DELTABV	IDSS1	VTH	RDSON1	VFSDS	IGSS2	IGSSR2	IDSS2...
2025-05-27 09:33:31,137 - cp_data_processor.readers.dcp_reader - DEBUG - 数据行 1: 1	41	5	1	0.000E+00	0.000E+00	4.110E-07	5.220E-07	7.421E+02	7.463E+02	4.200E+00	8.400E-09	3.444E+00	2...
2025-05-27 09:33:31,138 - cp_data_processor.readers.dcp_reader - DEBUG - 数据行 2: 2	47	5	1	0.000E+00	0.000E+00	4.150E-07	8.700E-07	7.397E+02	7.471E+02	7.400E+00	8.400E-09	3.400E+00	3...
2025-05-27 09:33:31,138 - cp_data_processor.readers.dcp_reader - DEBUG - 数据行 3: 3	53	5	3	0.000E+00	99.99													...
2025-05-27 09:33:31,141 - cp_data_processor.readers.dcp_reader - INFO - 成功使用 sep='\s+' 读取数据，形状: (169, 18)
2025-05-27 09:33:31,141 - cp_data_processor.readers.dcp_reader - INFO - 成功读取数据，形状: (169, 18)
2025-05-27 09:33:31,142 - cp_data_processor.readers.dcp_reader - INFO - 成功添加晶圆 20，包含 169 个芯片数据
2025-05-27 09:33:31,143 - cp_data_processor.readers.dcp_reader - DEBUG - 文件的前三行内容：
2025-05-27 09:33:31,143 - cp_data_processor.readers.dcp_reader - DEBUG - 行 1: Program name	ME58Y81_G0GC2AD.jtf

2025-05-27 09:33:31,143 - cp_data_processor.readers.dcp_reader - DEBUG - 行 2: Lot number	FA53-5465-305A-250303@203

2025-05-27 09:33:31,144 - cp_data_processor.readers.dcp_reader - DEBUG - 行 3: Wafer number	21

2025-05-27 09:33:31,144 - cp_data_processor.readers.dcp_reader - DEBUG - 使用分隔符 '	' 从R2C2提取到LotID: FA53-5465-305A-250303@203
2025-05-27 09:33:31,144 - cp_data_processor.readers.dcp_reader - DEBUG - 使用分隔符 '	' 从R3C2提取到WaferID: 21
2025-05-27 09:33:31,144 - cp_data_processor.readers.dcp_reader - INFO - 开始处理文件: FA53-5465-305A-250303@203_021.TXT
2025-05-27 09:33:31,144 - cp_data_processor.readers.dcp_reader - INFO - 成功使用 utf-8 解码
2025-05-27 09:33:31,145 - cp_data_processor.readers.dcp_reader - DEBUG - 表头行: No.U	X	Y	Bin	CONT	IGSS0	IGSS1	IGSSR1	BVDSS1	BVDSS2	DELTABV	IDSS1	VTH	RDSON1	VFSDS	IGSS2	IGSSR2	IDSS2...
2025-05-27 09:33:31,145 - cp_data_processor.readers.dcp_reader - DEBUG - 数据行 1: 1	41	5	1	0.000E+00	0.000E+00	5.750E-07	6.130E-07	7.365E+02	7.464E+02	9.900E+00	9.000E-09	3.463E+00	3...
2025-05-27 09:33:31,145 - cp_data_processor.readers.dcp_reader - DEBUG - 数据行 2: 2	47	5	1	0.000E+00	0.000E+00	5.870E-07	6.450E-07	7.241E+02	7.419E+02	1.780E+01	8.000E-09	3.420E+00	3...
2025-05-27 09:33:31,146 - cp_data_processor.readers.dcp_reader - DEBUG - 数据行 3: 3	53	5	3	0.000E+00	99.99													...
2025-05-27 09:33:31,149 - cp_data_processor.readers.dcp_reader - INFO - 成功使用 sep='\s+' 读取数据，形状: (169, 18)
2025-05-27 09:33:31,150 - cp_data_processor.readers.dcp_reader - INFO - 成功读取数据，形状: (169, 18)
2025-05-27 09:33:31,151 - cp_data_processor.readers.dcp_reader - INFO - 成功添加晶圆 21，包含 169 个芯片数据
2025-05-27 09:33:31,152 - cp_data_processor.readers.dcp_reader - DEBUG - 文件的前三行内容：
2025-05-27 09:33:31,152 - cp_data_processor.readers.dcp_reader - DEBUG - 行 1: Program name	ME58Y81_G0GC2AD.jtf

2025-05-27 09:33:31,152 - cp_data_processor.readers.dcp_reader - DEBUG - 行 2: Lot number	FA53-5465-305A-250303@203

2025-05-27 09:33:31,152 - cp_data_processor.readers.dcp_reader - DEBUG - 行 3: Wafer number	22

2025-05-27 09:33:31,153 - cp_data_processor.readers.dcp_reader - DEBUG - 使用分隔符 '	' 从R2C2提取到LotID: FA53-5465-305A-250303@203
2025-05-27 09:33:31,153 - cp_data_processor.readers.dcp_reader - DEBUG - 使用分隔符 '	' 从R3C2提取到WaferID: 22
2025-05-27 09:33:31,153 - cp_data_processor.readers.dcp_reader - INFO - 开始处理文件: FA53-5465-305A-250303@203_022.TXT
2025-05-27 09:33:31,154 - cp_data_processor.readers.dcp_reader - INFO - 成功使用 utf-8 解码
2025-05-27 09:33:31,154 - cp_data_processor.readers.dcp_reader - DEBUG - 表头行: No.U	X	Y	Bin	CONT	IGSS0	IGSS1	IGSSR1	BVDSS1	BVDSS2	DELTABV	IDSS1	VTH	RDSON1	VFSDS	IGSS2	IGSSR2	IDSS2...
2025-05-27 09:33:31,154 - cp_data_processor.readers.dcp_reader - DEBUG - 数据行 1: 1	41	5	3	0.000E+00	99.99													...
2025-05-27 09:33:31,154 - cp_data_processor.readers.dcp_reader - DEBUG - 数据行 2: 2	47	5	1	0.000E+00	0.000E+00	4.160E-07	4.680E-07	7.198E+02	7.305E+02	1.070E+01	1.240E-08	3.402E+00	3...
2025-05-27 09:33:31,154 - cp_data_processor.readers.dcp_reader - DEBUG - 数据行 3: 3	53	5	1	0.000E+00	1.000E-08	4.280E-07	4.730E-07	7.337E+02	7.412E+02	7.500E+00	1.000E-08	3.234E+00	3...
2025-05-27 09:33:31,158 - cp_data_processor.readers.dcp_reader - INFO - 成功使用 sep='\s+' 读取数据，形状: (169, 18)
2025-05-27 09:33:31,159 - cp_data_processor.readers.dcp_reader - INFO - 成功读取数据，形状: (169, 18)
2025-05-27 09:33:31,160 - cp_data_processor.readers.dcp_reader - INFO - 成功添加晶圆 22，包含 169 个芯片数据
2025-05-27 09:33:31,160 - cp_data_processor.readers.dcp_reader - DEBUG - 文件的前三行内容：
2025-05-27 09:33:31,162 - cp_data_processor.readers.dcp_reader - DEBUG - 行 1: Program name	ME58Y81_G0GC2AD.jtf

2025-05-27 09:33:31,162 - cp_data_processor.readers.dcp_reader - DEBUG - 行 2: Lot number	FA53-5465-305A-250303@203

2025-05-27 09:33:31,162 - cp_data_processor.readers.dcp_reader - DEBUG - 行 3: Wafer number	23

2025-05-27 09:33:31,162 - cp_data_processor.readers.dcp_reader - DEBUG - 使用分隔符 '	' 从R2C2提取到LotID: FA53-5465-305A-250303@203
2025-05-27 09:33:31,163 - cp_data_processor.readers.dcp_reader - DEBUG - 使用分隔符 '	' 从R3C2提取到WaferID: 23
2025-05-27 09:33:31,163 - cp_data_processor.readers.dcp_reader - INFO - 开始处理文件: FA53-5465-305A-250303@203_023.TXT
2025-05-27 09:33:31,163 - cp_data_processor.readers.dcp_reader - INFO - 成功使用 utf-8 解码
2025-05-27 09:33:31,164 - cp_data_processor.readers.dcp_reader - DEBUG - 表头行: No.U	X	Y	Bin	CONT	IGSS0	IGSS1	IGSSR1	BVDSS1	BVDSS2	DELTABV	IDSS1	VTH	RDSON1	VFSDS	IGSS2	IGSSR2	IDSS2...
2025-05-27 09:33:31,164 - cp_data_processor.readers.dcp_reader - DEBUG - 数据行 1: 1	41	5	4	0.000E+00	0.000E+00	9.999												...
2025-05-27 09:33:31,164 - cp_data_processor.readers.dcp_reader - DEBUG - 数据行 2: 2	47	5	1	0.000E+00	1.000E-08	5.800E-07	6.600E-07	7.267E+02	7.433E+02	1.660E+01	8.800E-09	3.411E+00	3...
2025-05-27 09:33:31,164 - cp_data_processor.readers.dcp_reader - DEBUG - 数据行 3: 3	53	5	1	0.000E+00	0.000E+00	6.150E-07	6.300E-07	7.576E+02	7.622E+02	4.600E+00	9.000E-09	3.294E+00	3...
2025-05-27 09:33:31,167 - cp_data_processor.readers.dcp_reader - INFO - 成功使用 sep='\s+' 读取数据，形状: (169, 18)
2025-05-27 09:33:31,168 - cp_data_processor.readers.dcp_reader - INFO - 成功读取数据，形状: (169, 18)
2025-05-27 09:33:31,169 - cp_data_processor.readers.dcp_reader - INFO - 成功添加晶圆 23，包含 169 个芯片数据
2025-05-27 09:33:31,170 - cp_data_processor.readers.dcp_reader - DEBUG - 文件的前三行内容：
2025-05-27 09:33:31,171 - cp_data_processor.readers.dcp_reader - DEBUG - 行 1: Program name	ME58Y81_G0GC2AD.jtf

2025-05-27 09:33:31,171 - cp_data_processor.readers.dcp_reader - DEBUG - 行 2: Lot number	FA53-5465-305A-250303@203

2025-05-27 09:33:31,171 - cp_data_processor.readers.dcp_reader - DEBUG - 行 3: Wafer number	24

2025-05-27 09:33:31,171 - cp_data_processor.readers.dcp_reader - DEBUG - 使用分隔符 '	' 从R2C2提取到LotID: FA53-5465-305A-250303@203
2025-05-27 09:33:31,171 - cp_data_processor.readers.dcp_reader - DEBUG - 使用分隔符 '	' 从R3C2提取到WaferID: 24
2025-05-27 09:33:31,172 - cp_data_processor.readers.dcp_reader - INFO - 开始处理文件: FA53-5465-305A-250303@203_024.TXT
2025-05-27 09:33:31,172 - cp_data_processor.readers.dcp_reader - INFO - 成功使用 utf-8 解码
2025-05-27 09:33:31,172 - cp_data_processor.readers.dcp_reader - DEBUG - 表头行: No.U	X	Y	Bin	CONT	IGSS0	IGSS1	IGSSR1	BVDSS1	BVDSS2	DELTABV	IDSS1	VTH	RDSON1	VFSDS	IGSS2	IGSSR2	IDSS2...
2025-05-27 09:33:31,172 - cp_data_processor.readers.dcp_reader - DEBUG - 数据行 1: 1	41	5	1	0.000E+00	0.000E+00	5.600E-07	8.890E-07	7.418E+02	7.468E+02	5.000E+00	9.300E-09	3.446E+00	3...
2025-05-27 09:33:31,172 - cp_data_processor.readers.dcp_reader - DEBUG - 数据行 2: 2	47	5	1	0.000E+00	0.000E+00	5.480E-07	5.350E-07	7.435E+02	7.510E+02	7.500E+00	9.300E-09	3.407E+00	3...
2025-05-27 09:33:31,173 - cp_data_processor.readers.dcp_reader - DEBUG - 数据行 3: 3	53	5	1	0.000E+00	1.000E-08	4.220E-07	4.730E-07	7.424E+02	7.498E+02	7.400E+00	1.040E-08	3.226E+00	3...
2025-05-27 09:33:31,177 - cp_data_processor.readers.dcp_reader - INFO - 成功使用 sep='\s+' 读取数据，形状: (169, 18)
2025-05-27 09:33:31,177 - cp_data_processor.readers.dcp_reader - INFO - 成功读取数据，形状: (169, 18)
2025-05-27 09:33:31,179 - cp_data_processor.readers.dcp_reader - INFO - 成功添加晶圆 24，包含 169 个芯片数据
2025-05-27 09:33:31,180 - cp_data_processor.readers.dcp_reader - DEBUG - 文件的前三行内容：
2025-05-27 09:33:31,180 - cp_data_processor.readers.dcp_reader - DEBUG - 行 1: Program name	ME58Y81_G0GC2AD.jtf

2025-05-27 09:33:31,180 - cp_data_processor.readers.dcp_reader - DEBUG - 行 2: Lot number	FA53-5465-305A-250303@203

2025-05-27 09:33:31,180 - cp_data_processor.readers.dcp_reader - DEBUG - 行 3: Wafer number	25

2025-05-27 09:33:31,182 - cp_data_processor.readers.dcp_reader - DEBUG - 使用分隔符 '	' 从R2C2提取到LotID: FA53-5465-305A-250303@203
2025-05-27 09:33:31,182 - cp_data_processor.readers.dcp_reader - DEBUG - 使用分隔符 '	' 从R3C2提取到WaferID: 25
2025-05-27 09:33:31,182 - cp_data_processor.readers.dcp_reader - INFO - 开始处理文件: FA53-5465-305A-250303@203_025.TXT
2025-05-27 09:33:31,182 - cp_data_processor.readers.dcp_reader - INFO - 成功使用 utf-8 解码
2025-05-27 09:33:31,183 - cp_data_processor.readers.dcp_reader - DEBUG - 表头行: No.U	X	Y	Bin	CONT	IGSS0	IGSS1	IGSSR1	BVDSS1	BVDSS2	DELTABV	IDSS1	VTH	RDSON1	VFSDS	IGSS2	IGSSR2	IDSS2...
2025-05-27 09:33:31,183 - cp_data_processor.readers.dcp_reader - DEBUG - 数据行 1: 1	41	5	1	0.000E+00	1.000E-08	6.480E-07	6.700E-07	7.407E+02	7.477E+02	7.000E+00	8.100E-09	3.529E+00	3...
2025-05-27 09:33:31,183 - cp_data_processor.readers.dcp_reader - DEBUG - 数据行 2: 2	47	5	1	0.000E+00	0.000E+00	6.060E-07	6.890E-07	7.251E+02	7.386E+02	1.350E+01	8.300E-09	3.445E+00	3...
2025-05-27 09:33:31,184 - cp_data_processor.readers.dcp_reader - DEBUG - 数据行 3: 3	53	5	1	0.000E+00	0.000E+00	9.030E-07	6.730E-07	7.547E+02	7.594E+02	4.700E+00	8.300E-09	3.396E+00	3...
2025-05-27 09:33:31,187 - cp_data_processor.readers.dcp_reader - INFO - 成功使用 sep='\s+' 读取数据，形状: (169, 18)
2025-05-27 09:33:31,188 - cp_data_processor.readers.dcp_reader - INFO - 成功读取数据，形状: (169, 18)
2025-05-27 09:33:31,189 - cp_data_processor.readers.dcp_reader - INFO - 成功添加晶圆 25，包含 169 个芯片数据
2025-05-27 09:33:31,200 - __main__ - INFO - 开始为批次 FA53-5465-305A-250303@203 (源文件: D:\cp_data_ansys\data\FA53-5465-305A-250303@203_001\FA53-5465-305A-250303@203_001.TXT) 生成规格文件...
2025-05-27 09:33:31,201 - dcp_spec_extractor - DEBUG - LimitU转换: '0.500V' -> 0.5 -> '0.5'
2025-05-27 09:33:31,202 - dcp_spec_extractor - DEBUG - LimitU转换: '99.00uA' -> 9.9e-05 -> '9.90E-05'
2025-05-27 09:33:31,202 - dcp_spec_extractor - DEBUG - LimitU转换: '4.000uA' -> 4e-06 -> '4.00E-06'
2025-05-27 09:33:31,202 - dcp_spec_extractor - DEBUG - LimitU转换: '4.000uA' -> 4e-06 -> '4.00E-06'
2025-05-27 09:33:31,202 - dcp_spec_extractor - DEBUG - LimitU转换: '900.0V' -> 900.0 -> '900'
2025-05-27 09:33:31,203 - dcp_spec_extractor - DEBUG - LimitU转换: '900.0V' -> 900.0 -> '900'
2025-05-27 09:33:31,203 - dcp_spec_extractor - DEBUG - LimitU转换: '50.00-' -> 50.0 -> '50'
2025-05-27 09:33:31,204 - dcp_spec_extractor - DEBUG - LimitU转换: '250.0nA' -> 2.5000000000000004e-07 -> '2.50E-07'
2025-05-27 09:33:31,204 - dcp_spec_extractor - DEBUG - LimitU转换: '4.000V' -> 4.0 -> '4'
2025-05-27 09:33:31,204 - dcp_spec_extractor - DEBUG - LimitU转换: '365.0mOHM' -> 0.365 -> '0.365'
2025-05-27 09:33:31,205 - dcp_spec_extractor - DEBUG - LimitU转换: '1.000V' -> 1.0 -> '1'
2025-05-27 09:33:31,205 - dcp_spec_extractor - DEBUG - LimitU转换: '300.0nA' -> 3.0000000000000004e-07 -> '3.00E-07'
2025-05-27 09:33:31,205 - dcp_spec_extractor - DEBUG - LimitU转换: '300.0nA' -> 3.0000000000000004e-07 -> '3.00E-07'
2025-05-27 09:33:31,206 - dcp_spec_extractor - DEBUG - LimitU转换: '200.0nA' -> 2.0000000000000002e-07 -> '2.00E-07'
2025-05-27 09:33:31,206 - dcp_spec_extractor - DEBUG - LimitL转换: '0V' -> 0.0 -> '0'
2025-05-27 09:33:31,206 - dcp_spec_extractor - DEBUG - LimitL转换: '0A' -> 0.0 -> '0'
2025-05-27 09:33:31,207 - dcp_spec_extractor - DEBUG - LimitL转换: '0A' -> 0.0 -> '0'
2025-05-27 09:33:31,207 - dcp_spec_extractor - DEBUG - LimitL转换: '0A' -> 0.0 -> '0'
2025-05-27 09:33:31,207 - dcp_spec_extractor - DEBUG - LimitL转换: '660.0V' -> 660.0 -> '660'
2025-05-27 09:33:31,207 - dcp_spec_extractor - DEBUG - LimitL转换: '660.0V' -> 660.0 -> '660'
2025-05-27 09:33:31,208 - dcp_spec_extractor - DEBUG - LimitL转换: '10.00-' -> 10.0 -> '10'
2025-05-27 09:33:31,208 - dcp_spec_extractor - DEBUG - LimitL转换: '0A' -> 0.0 -> '0'
2025-05-27 09:33:31,208 - dcp_spec_extractor - DEBUG - LimitL转换: '3.000V' -> 3.0 -> '3'
2025-05-27 09:33:31,208 - dcp_spec_extractor - DEBUG - LimitL转换: '100.0mOHM' -> 0.1 -> '0.1'
2025-05-27 09:33:31,208 - dcp_spec_extractor - DEBUG - LimitL转换: '0.000V' -> 0.0 -> '0'
2025-05-27 09:33:31,208 - dcp_spec_extractor - DEBUG - LimitL转换: '0A' -> 0.0 -> '0'
2025-05-27 09:33:31,209 - dcp_spec_extractor - DEBUG - LimitL转换: '0A' -> 0.0 -> '0'
2025-05-27 09:33:31,209 - dcp_spec_extractor - DEBUG - LimitL转换: '0A' -> 0.0 -> '0'
2025-05-27 09:33:31,209 - dcp_spec_extractor - DEBUG - Writing row 0 to CSV: ['Parameter', 'CONT', 'IGSS0', 'IGSS1', 'IGSSR1', 'BVDSS1', 'BVDSS2', 'DELTABV', 'IDSS1', 'VTH', 'RDSON1', 'VFSDS', 'IGSS2', 'IGSSR2', 'IDSS2']
2025-05-27 09:33:31,210 - dcp_spec_extractor - DEBUG - Type of row 0: <class 'list'>
2025-05-27 09:33:31,210 - dcp_spec_extractor - DEBUG - Type of first element in row 0: <class 'str'>
2025-05-27 09:33:31,210 - dcp_spec_extractor - DEBUG - Writing row 1 to CSV: ['Unit', 'V', 'A', 'A', 'A', 'V', 'V', '', 'A', 'V', 'ohm', 'V', 'A', 'A', 'A']
2025-05-27 09:33:31,210 - dcp_spec_extractor - DEBUG - Type of row 1: <class 'list'>
2025-05-27 09:33:31,211 - dcp_spec_extractor - DEBUG - Type of first element in row 1: <class 'str'>
2025-05-27 09:33:31,211 - dcp_spec_extractor - DEBUG - Writing row 2 to CSV: ['LimitU', '0.5', '9.90E-05', '4.00E-06', '4.00E-06', '900', '900', '50', '2.50E-07', '4', '0.365', '1', '3.00E-07', '3.00E-07', '2.00E-07']
2025-05-27 09:33:31,211 - dcp_spec_extractor - DEBUG - Type of row 2: <class 'list'>
2025-05-27 09:33:31,211 - dcp_spec_extractor - DEBUG - Type of first element in row 2: <class 'str'>
2025-05-27 09:33:31,211 - dcp_spec_extractor - DEBUG - Writing row 3 to CSV: ['LimitL', '0', '0', '0', '0', '660', '660', '10', '0', '3', '0.1', '0', '0', '0', '0']
2025-05-27 09:33:31,211 - dcp_spec_extractor - DEBUG - Type of row 3: <class 'list'>
2025-05-27 09:33:31,212 - dcp_spec_extractor - DEBUG - Type of first element in row 3: <class 'str'>
2025-05-27 09:33:31,212 - dcp_spec_extractor - DEBUG - Writing row 4 to CSV: ['TestCond:', '1.00mA', '1.00V', '30.0V', '30.0V', '250uA', '1.00mA', '@008-', '653V', '250uA', '1.00A', '1.00A', '20.0V', '20.0V', '600V']
2025-05-27 09:33:31,213 - dcp_spec_extractor - DEBUG - Type of row 4: <class 'list'>
2025-05-27 09:33:31,213 - dcp_spec_extractor - DEBUG - Type of first element in row 4: <class 'str'>
2025-05-27 09:33:31,214 - dcp_spec_extractor - DEBUG - Writing row 5 to CSV: ['', '', '', '', '', '', '', '@007-', '', '', '10.0V', '', '', '', '']
2025-05-27 09:33:31,214 - dcp_spec_extractor - DEBUG - Type of row 5: <class 'list'>
2025-05-27 09:33:31,214 - dcp_spec_extractor - DEBUG - Type of first element in row 5: <class 'str'>
2025-05-27 09:33:31,215 - dcp_spec_extractor - DEBUG - Writing row 6 to CSV: ['', '', '', '', '', '999V', '999V', '', '', '', '', '', '', '', '']
2025-05-27 09:33:31,215 - dcp_spec_extractor - DEBUG - Type of row 6: <class 'list'>
2025-05-27 09:33:31,215 - dcp_spec_extractor - DEBUG - Type of first element in row 6: <class 'str'>
2025-05-27 09:33:31,216 - dcp_spec_extractor - DEBUG - Writing row 7 to CSV: ['', '2.50ms', '40.0ms', '40.0ms', '40.0ms', '20.0ms', '10.0ms', '', '20.0ms', '2.50ms', '1.00ms', '2.00ms', '40.0ms', '40.0ms', '20.0ms']
2025-05-27 09:33:31,216 - dcp_spec_extractor - DEBUG - Type of row 7: <class 'list'>
2025-05-27 09:33:31,216 - dcp_spec_extractor - DEBUG - Type of first element in row 7: <class 'str'>
2025-05-27 09:33:31,216 - dcp_spec_extractor - DEBUG - Writing row 8 to CSV: ['', '', '', '', '', '', '', '', '', '', '', '', '', '', '']
2025-05-27 09:33:31,217 - dcp_spec_extractor - DEBUG - Type of row 8: <class 'list'>
2025-05-27 09:33:31,217 - dcp_spec_extractor - DEBUG - Type of first element in row 8: <class 'str'>
2025-05-27 09:33:31,217 - dcp_spec_extractor - DEBUG - Writing row 9 to CSV: ['', '', '', '', '', '', '', '', '', '', '', '', '', '', '']
2025-05-27 09:33:31,217 - dcp_spec_extractor - DEBUG - Type of row 9: <class 'list'>
2025-05-27 09:33:31,217 - dcp_spec_extractor - DEBUG - Type of first element in row 9: <class 'str'>
2025-05-27 09:33:31,218 - dcp_spec_extractor - INFO - 成功生成规格文件: D:\cp_data_ansys\output\FA53-5465-305A-250303@203_001_spec_20250527093331.csv
2025-05-27 09:33:31,218 - __main__ - INFO - 规格文件已成功生成: D:\cp_data_ansys\output\FA53-5465-305A-250303@203_001_spec_20250527093331.csv
2025-05-27 09:33:31,257 - __main__ - INFO - 已应用iqr方法处理异常值
2025-05-27 09:33:31,338 - __main__ - INFO - 清洗后的数据已保存到: D:\cp_data_ansys\output\FA53-5465-305A-250303@203_cleaned_20250527_093331.csv
2025-05-27 09:33:31,339 - __main__ - INFO - 开始为 D:\cp_data_ansys\output\FA53-5465-305A-250303@203_cleaned_20250527_093331.csv 生成良率报告...
2025-05-27 09:33:31,386 - python_cp.yield_processor - INFO - 良率报告已成功生成并保存到: D:\cp_data_ansys\output\FA53-5465-305A-250303@203_yield_20250527_093331.csv
2025-05-27 09:33:31,387 - __main__ - INFO - 良率报告已成功生成: D:\cp_data_ansys\output\FA53-5465-305A-250303@203_yield_20250527_093331.csv
